{"/home/node/app/app.js": {"path":"/home/node/app/app.js","statementMap":{"0":{"start":{"line":1,"column":16},"end":{"line":1,"column":34}},"1":{"start":{"line":2,"column":15},"end":{"line":2,"column":32}},"2":{"start":{"line":3,"column":15},"end":{"line":3,"column":32}},"3":{"start":{"line":4,"column":13},"end":{"line":4,"column":28}},"4":{"start":{"line":5,"column":18},"end":{"line":5,"column":47}},"5":{"start":{"line":6,"column":21},"end":{"line":6,"column":45}},"6":{"start":{"line":8,"column":0},"end":{"line":8,"column":16}},"7":{"start":{"line":10,"column":12},"end":{"line":10,"column":21}},"8":{"start":{"line":11,"column":13},"end":{"line":11,"column":37}},"9":{"start":{"line":14,"column":17},"end":{"line":14,"column":36}},"10":{"start":{"line":15,"column":0},"end":{"line":18,"column":3}},"11":{"start":{"line":21,"column":0},"end":{"line":23,"column":1}},"12":{"start":{"line":22,"column":2},"end":{"line":22,"column":25}},"13":{"start":{"line":25,"column":0},"end":{"line":25,"column":16}},"14":{"start":{"line":26,"column":0},"end":{"line":26,"column":24}},"15":{"start":{"line":27,"column":0},"end":{"line":27,"column":48}},"16":{"start":{"line":30,"column":18},"end":{"line":30,"column":51}},"17":{"start":{"line":31,"column":21},"end":{"line":31,"column":57}},"18":{"start":{"line":32,"column":19},"end":{"line":32,"column":53}},"19":{"start":{"line":34,"column":0},"end":{"line":34,"column":15}},"20":{"start":{"line":35,"column":0},"end":{"line":35,"column":18}},"21":{"start":{"line":36,"column":0},"end":{"line":36,"column":16}},"22":{"start":{"line":39,"column":23},"end":{"line":67,"column":1}},"23":{"start":{"line":69,"column":20},"end":{"line":69,"column":48}},"24":{"start":{"line":70,"column":0},"end":{"line":70,"column":68}},"25":{"start":{"line":73,"column":0},"end":{"line":77,"column":1}},"26":{"start":{"line":74,"column":2},"end":{"line":76,"column":5}},"27":{"start":{"line":75,"column":4},"end":{"line":75,"column":65}},"28":{"start":{"line":79,"column":0},"end":{"line":79,"column":21}}},"fnMap":{"0":{"name":"(anonymous_0)","decl":{"start":{"line":74,"column":19},"end":{"line":74,"column":20}},"loc":{"start":{"line":74,"column":25},"end":{"line":76,"column":3}},"line":74}},"branchMap":{"0":{"loc":{"start":{"line":11,"column":13},"end":{"line":11,"column":37}},"type":"binary-expr","locations":[{"start":{"line":11,"column":13},"end":{"line":11,"column":29}},{"start":{"line":11,"column":33},"end":{"line":11,"column":37}}],"line":11},"1":{"loc":{"start":{"line":21,"column":0},"end":{"line":23,"column":1}},"type":"if","locations":[{"start":{"line":21,"column":0},"end":{"line":23,"column":1}},{"start":{},"end":{}}],"line":21},"2":{"loc":{"start":{"line":73,"column":0},"end":{"line":77,"column":1}},"type":"if","locations":[{"start":{"line":73,"column":0},"end":{"line":77,"column":1}},{"start":{},"end":{}}],"line":73}},"s":{"0":2,"1":2,"2":2,"3":2,"4":2,"5":2,"6":2,"7":2,"8":2,"9":2,"10":2,"11":2,"12":0,"13":2,"14":2,"15":2,"16":2,"17":2,"18":2,"19":2,"20":2,"21":2,"22":2,"23":2,"24":2,"25":2,"26":0,"27":0,"28":2},"f":{"0":0},"b":{"0":[2,0],"1":[0,2],"2":[0,2]},"_coverageSchema":"1a1c01bbd47fc00a2c39e90264f33305004495a9","hash":"744e901aa4b09b0a35a02021ed3a0ee631733757"}
,"/home/node/app/api/controllers/musicController.js": {"path":"/home/node/app/api/controllers/musicController.js","statementMap":{"0":{"start":{"line":1,"column":21},"end":{"line":1,"column":53}},"1":{"start":{"line":2,"column":13},"end":{"line":2,"column":29}},"2":{"start":{"line":3,"column":14},"end":{"line":3,"column":45}},"3":{"start":{"line":5,"column":0},"end":{"line":28,"column":10}},"4":{"start":{"line":8,"column":23},"end":{"line":8,"column":25}},"5":{"start":{"line":9,"column":19},"end":{"line":9,"column":52}},"6":{"start":{"line":11,"column":22},"end":{"line":18,"column":12}},"7":{"start":{"line":20,"column":22},"end":{"line":20,"column":64}},"8":{"start":{"line":22,"column":23},"end":{"line":24,"column":36}},"9":{"start":{"line":26,"column":8},"end":{"line":26,"column":70}},"10":{"start":{"line":30,"column":0},"end":{"line":44,"column":1}},"11":{"start":{"line":32,"column":34},"end":{"line":32,"column":42}},"12":{"start":{"line":33,"column":25},"end":{"line":37,"column":10}},"13":{"start":{"line":39,"column":29},"end":{"line":39,"column":50}},"14":{"start":{"line":40,"column":8},"end":{"line":40,"column":24}},"15":{"start":{"line":41,"column":8},"end":{"line":41,"column":31}},"16":{"start":{"line":46,"column":0},"end":{"line":57,"column":1}},"17":{"start":{"line":48,"column":22},"end":{"line":48,"column":57}},"18":{"start":{"line":50,"column":8},"end":{"line":55,"column":9}},"19":{"start":{"line":51,"column":12},"end":{"line":51,"column":39}},"20":{"start":{"line":53,"column":12},"end":{"line":53,"column":27}},"21":{"start":{"line":54,"column":12},"end":{"line":54,"column":46}},"22":{"start":{"line":60,"column":0},"end":{"line":81,"column":1}},"23":{"start":{"line":66,"column":15},"end":{"line":66,"column":23}},"24":{"start":{"line":68,"column":25},"end":{"line":68,"column":60}},"25":{"start":{"line":69,"column":11},"end":{"line":72,"column":12}},"26":{"start":{"line":70,"column":12},"end":{"line":70,"column":27}},"27":{"start":{"line":71,"column":12},"end":{"line":71,"column":46}},"28":{"start":{"line":74,"column":11},"end":{"line":74,"column":30}},"29":{"start":{"line":75,"column":11},"end":{"line":75,"column":32}},"30":{"start":{"line":76,"column":11},"end":{"line":76,"column":26}},"31":{"start":{"line":78,"column":32},"end":{"line":78,"column":50}},"32":{"start":{"line":79,"column":11},"end":{"line":79,"column":45}},"33":{"start":{"line":83,"column":0},"end":{"line":95,"column":1}},"34":{"start":{"line":86,"column":23},"end":{"line":86,"column":58}},"35":{"start":{"line":87,"column":9},"end":{"line":93,"column":10}},"36":{"start":{"line":88,"column":11},"end":{"line":88,"column":55}},"37":{"start":{"line":89,"column":11},"end":{"line":89,"column":49}},"38":{"start":{"line":91,"column":11},"end":{"line":91,"column":26}},"39":{"start":{"line":92,"column":11},"end":{"line":92,"column":45}},"40":{"start":{"line":98,"column":0},"end":{"line":136,"column":2}},"41":{"start":{"line":101,"column":36},"end":{"line":101,"column":44}},"42":{"start":{"line":103,"column":16},"end":{"line":103,"column":51}},"43":{"start":{"line":105,"column":2},"end":{"line":135,"column":3}},"44":{"start":{"line":106,"column":25},"end":{"line":108,"column":5}},"45":{"start":{"line":107,"column":13},"end":{"line":107,"column":58}},"46":{"start":{"line":110,"column":4},"end":{"line":113,"column":5}},"47":{"start":{"line":111,"column":6},"end":{"line":111,"column":21}},"48":{"start":{"line":112,"column":6},"end":{"line":112,"column":62}},"49":{"start":{"line":115,"column":19},"end":{"line":120,"column":5}},"50":{"start":{"line":122,"column":4},"end":{"line":122,"column":28}},"51":{"start":{"line":124,"column":4},"end":{"line":124,"column":38}},"52":{"start":{"line":126,"column":4},"end":{"line":128,"column":24}},"53":{"start":{"line":127,"column":40},"end":{"line":127,"column":57}},"54":{"start":{"line":130,"column":4},"end":{"line":130,"column":22}},"55":{"start":{"line":131,"column":4},"end":{"line":131,"column":51}},"56":{"start":{"line":133,"column":4},"end":{"line":133,"column":19}},"57":{"start":{"line":134,"column":4},"end":{"line":134,"column":38}},"58":{"start":{"line":139,"column":0},"end":{"line":142,"column":4}},"59":{"start":{"line":140,"column":19},"end":{"line":140,"column":70}},"60":{"start":{"line":141,"column":4},"end":{"line":141,"column":20}},"61":{"start":{"line":146,"column":30},"end":{"line":173,"column":4}},"62":{"start":{"line":147,"column":22},"end":{"line":147,"column":51}},"63":{"start":{"line":148,"column":26},"end":{"line":148,"column":59}},"64":{"start":{"line":150,"column":16},"end":{"line":150,"column":52}},"65":{"start":{"line":151,"column":19},"end":{"line":160,"column":5}},"66":{"start":{"line":162,"column":16},"end":{"line":165,"column":5}},"67":{"start":{"line":167,"column":4},"end":{"line":172,"column":5}},"68":{"start":{"line":168,"column":23},"end":{"line":168,"column":58}},"69":{"start":{"line":169,"column":6},"end":{"line":169,"column":17}},"70":{"start":{"line":171,"column":6},"end":{"line":171,"column":73}},"71":{"start":{"line":176,"column":2},"end":{"line":195,"column":5}},"72":{"start":{"line":177,"column":16},"end":{"line":177,"column":32}},"73":{"start":{"line":178,"column":14},"end":{"line":178,"column":85}},"74":{"start":{"line":179,"column":16},"end":{"line":179,"column":45}},"75":{"start":{"line":180,"column":19},"end":{"line":184,"column":5}},"76":{"start":{"line":186,"column":21},"end":{"line":186,"column":49}},"77":{"start":{"line":187,"column":18},"end":{"line":193,"column":6}},"78":{"start":{"line":188,"column":6},"end":{"line":192,"column":7}},"79":{"start":{"line":190,"column":34},"end":{"line":190,"column":40}},"80":{"start":{"line":194,"column":4},"end":{"line":194,"column":35}}},"fnMap":{"0":{"name":"(anonymous_0)","decl":{"start":{"line":6,"column":4},"end":{"line":6,"column":5}},"loc":{"start":{"line":6,"column":23},"end":{"line":28,"column":9}},"line":6},"1":{"name":"(anonymous_1)","decl":{"start":{"line":31,"column":4},"end":{"line":31,"column":5}},"loc":{"start":{"line":31,"column":24},"end":{"line":43,"column":5}},"line":31},"2":{"name":"(anonymous_2)","decl":{"start":{"line":47,"column":4},"end":{"line":47,"column":5}},"loc":{"start":{"line":47,"column":24},"end":{"line":56,"column":5}},"line":47},"3":{"name":"(anonymous_3)","decl":{"start":{"line":61,"column":4},"end":{"line":61,"column":5}},"loc":{"start":{"line":61,"column":24},"end":{"line":80,"column":9}},"line":61},"4":{"name":"(anonymous_4)","decl":{"start":{"line":84,"column":4},"end":{"line":84,"column":5}},"loc":{"start":{"line":84,"column":24},"end":{"line":94,"column":9}},"line":84},"5":{"name":"(anonymous_5)","decl":{"start":{"line":99,"column":4},"end":{"line":99,"column":5}},"loc":{"start":{"line":99,"column":24},"end":{"line":136,"column":1}},"line":99},"6":{"name":"(anonymous_6)","decl":{"start":{"line":107,"column":6},"end":{"line":107,"column":7}},"loc":{"start":{"line":107,"column":13},"end":{"line":107,"column":58}},"line":107},"7":{"name":"(anonymous_7)","decl":{"start":{"line":127,"column":25},"end":{"line":127,"column":26}},"loc":{"start":{"line":127,"column":40},"end":{"line":127,"column":57}},"line":127},"8":{"name":"(anonymous_8)","decl":{"start":{"line":139,"column":33},"end":{"line":139,"column":34}},"loc":{"start":{"line":139,"column":53},"end":{"line":142,"column":3}},"line":139},"9":{"name":"(anonymous_9)","decl":{"start":{"line":146,"column":43},"end":{"line":146,"column":44}},"loc":{"start":{"line":146,"column":55},"end":{"line":173,"column":3}},"line":146},"10":{"name":"(anonymous_10)","decl":{"start":{"line":176,"column":45},"end":{"line":176,"column":46}},"loc":{"start":{"line":176,"column":65},"end":{"line":195,"column":3}},"line":176},"11":{"name":"(anonymous_11)","decl":{"start":{"line":187,"column":40},"end":{"line":187,"column":41}},"loc":{"start":{"line":187,"column":45},"end":{"line":193,"column":5}},"line":187},"12":{"name":"(anonymous_12)","decl":{"start":{"line":190,"column":29},"end":{"line":190,"column":30}},"loc":{"start":{"line":190,"column":34},"end":{"line":190,"column":40}},"line":190}},"branchMap":{"0":{"loc":{"start":{"line":9,"column":19},"end":{"line":9,"column":52}},"type":"binary-expr","locations":[{"start":{"line":9,"column":19},"end":{"line":9,"column":47}},{"start":{"line":9,"column":51},"end":{"line":9,"column":52}}],"line":9},"1":{"loc":{"start":{"line":11,"column":22},"end":{"line":18,"column":12}},"type":"cond-expr","locations":[{"start":{"line":12,"column":10},"end":{"line":17,"column":11}},{"start":{"line":18,"column":10},"end":{"line":18,"column":12}}],"line":11},"2":{"loc":{"start":{"line":50,"column":8},"end":{"line":55,"column":9}},"type":"if","locations":[{"start":{"line":50,"column":8},"end":{"line":55,"column":9}},{"start":{"line":52,"column":15},"end":{"line":55,"column":9}}],"line":50},"3":{"loc":{"start":{"line":69,"column":11},"end":{"line":72,"column":12}},"type":"if","locations":[{"start":{"line":69,"column":11},"end":{"line":72,"column":12}},{"start":{},"end":{}}],"line":69},"4":{"loc":{"start":{"line":87,"column":9},"end":{"line":93,"column":10}},"type":"if","locations":[{"start":{"line":87,"column":9},"end":{"line":93,"column":10}},{"start":{"line":90,"column":16},"end":{"line":93,"column":10}}],"line":87},"5":{"loc":{"start":{"line":105,"column":2},"end":{"line":135,"column":3}},"type":"if","locations":[{"start":{"line":105,"column":2},"end":{"line":135,"column":3}},{"start":{"line":132,"column":9},"end":{"line":135,"column":3}}],"line":105},"6":{"loc":{"start":{"line":110,"column":4},"end":{"line":113,"column":5}},"type":"if","locations":[{"start":{"line":110,"column":4},"end":{"line":113,"column":5}},{"start":{},"end":{}}],"line":110}},"s":{"0":2,"1":2,"2":2,"3":2,"4":0,"5":0,"6":0,"7":0,"8":0,"9":0,"10":2,"11":0,"12":0,"13":0,"14":0,"15":0,"16":2,"17":0,"18":0,"19":0,"20":0,"21":0,"22":2,"23":0,"24":0,"25":0,"26":0,"27":0,"28":0,"29":0,"30":0,"31":0,"32":0,"33":2,"34":0,"35":0,"36":0,"37":0,"38":0,"39":0,"40":2,"41":0,"42":0,"43":0,"44":0,"45":0,"46":0,"47":0,"48":0,"49":0,"50":0,"51":0,"52":0,"53":0,"54":0,"55":0,"56":0,"57":0,"58":2,"59":0,"60":0,"61":2,"62":0,"63":0,"64":0,"65":0,"66":0,"67":0,"68":0,"69":0,"70":0,"71":2,"72":0,"73":0,"74":0,"75":0,"76":0,"77":0,"78":0,"79":0,"80":0},"f":{"0":0,"1":0,"2":0,"3":0,"4":0,"5":0,"6":0,"7":0,"8":0,"9":0,"10":0,"11":0,"12":0},"b":{"0":[0,0],"1":[0,0],"2":[0,0],"3":[0,0],"4":[0,0],"5":[0,0],"6":[0,0]},"_coverageSchema":"1a1c01bbd47fc00a2c39e90264f33305004495a9","hash":"d9d1972f4508f91c9f3fa70c6f6a25914edde831"}
,"/home/node/app/api/controllers/sessionController.js": {"path":"/home/node/app/api/controllers/sessionController.js","statementMap":{"0":{"start":{"line":1,"column":21},"end":{"line":1,"column":53}},"1":{"start":{"line":2,"column":16},"end":{"line":2,"column":49}},"2":{"start":{"line":4,"column":0},"end":{"line":14,"column":10}},"3":{"start":{"line":6,"column":25},"end":{"line":11,"column":13}},"4":{"start":{"line":12,"column":8},"end":{"line":12,"column":39}},"5":{"start":{"line":16,"column":0},"end":{"line":34,"column":1}},"6":{"start":{"line":18,"column":42},"end":{"line":18,"column":50}},"7":{"start":{"line":20,"column":22},"end":{"line":20,"column":68}},"8":{"start":{"line":21,"column":8},"end":{"line":24,"column":9}},"9":{"start":{"line":22,"column":10},"end":{"line":22,"column":25}},"10":{"start":{"line":23,"column":10},"end":{"line":23,"column":50}},"11":{"start":{"line":25,"column":27},"end":{"line":28,"column":10}},"12":{"start":{"line":30,"column":31},"end":{"line":30,"column":54}},"13":{"start":{"line":31,"column":8},"end":{"line":31,"column":44}},"14":{"start":{"line":36,"column":0},"end":{"line":52,"column":1}},"15":{"start":{"line":38,"column":24},"end":{"line":43,"column":13}},"16":{"start":{"line":45,"column":8},"end":{"line":50,"column":9}},"17":{"start":{"line":46,"column":12},"end":{"line":46,"column":41}},"18":{"start":{"line":48,"column":12},"end":{"line":48,"column":27}},"19":{"start":{"line":49,"column":12},"end":{"line":49,"column":48}},"20":{"start":{"line":55,"column":0},"end":{"line":83,"column":1}},"21":{"start":{"line":59,"column":15},"end":{"line":59,"column":23}},"22":{"start":{"line":61,"column":27},"end":{"line":61,"column":64}},"23":{"start":{"line":63,"column":11},"end":{"line":81,"column":11}},"24":{"start":{"line":64,"column":33},"end":{"line":66,"column":13}},"25":{"start":{"line":65,"column":21},"end":{"line":65,"column":55}},"26":{"start":{"line":68,"column":12},"end":{"line":71,"column":13}},"27":{"start":{"line":69,"column":14},"end":{"line":69,"column":29}},"28":{"start":{"line":70,"column":14},"end":{"line":70,"column":52}},"29":{"start":{"line":73,"column":12},"end":{"line":73,"column":40}},"30":{"start":{"line":76,"column":12},"end":{"line":76,"column":32}},"31":{"start":{"line":77,"column":12},"end":{"line":77,"column":66}},"32":{"start":{"line":79,"column":12},"end":{"line":79,"column":27}},"33":{"start":{"line":80,"column":12},"end":{"line":80,"column":48}},"34":{"start":{"line":85,"column":0},"end":{"line":97,"column":1}},"35":{"start":{"line":88,"column":25},"end":{"line":88,"column":62}},"36":{"start":{"line":89,"column":9},"end":{"line":95,"column":10}},"37":{"start":{"line":90,"column":11},"end":{"line":90,"column":57}},"38":{"start":{"line":91,"column":11},"end":{"line":91,"column":51}},"39":{"start":{"line":93,"column":11},"end":{"line":93,"column":26}},"40":{"start":{"line":94,"column":11},"end":{"line":94,"column":47}}},"fnMap":{"0":{"name":"(anonymous_0)","decl":{"start":{"line":5,"column":4},"end":{"line":5,"column":5}},"loc":{"start":{"line":5,"column":23},"end":{"line":14,"column":9}},"line":5},"1":{"name":"(anonymous_1)","decl":{"start":{"line":17,"column":4},"end":{"line":17,"column":5}},"loc":{"start":{"line":17,"column":24},"end":{"line":33,"column":5}},"line":17},"2":{"name":"(anonymous_2)","decl":{"start":{"line":37,"column":4},"end":{"line":37,"column":5}},"loc":{"start":{"line":37,"column":24},"end":{"line":51,"column":5}},"line":37},"3":{"name":"(anonymous_3)","decl":{"start":{"line":56,"column":4},"end":{"line":56,"column":5}},"loc":{"start":{"line":56,"column":24},"end":{"line":82,"column":9}},"line":56},"4":{"name":"(anonymous_4)","decl":{"start":{"line":65,"column":14},"end":{"line":65,"column":15}},"loc":{"start":{"line":65,"column":21},"end":{"line":65,"column":55}},"line":65},"5":{"name":"(anonymous_5)","decl":{"start":{"line":86,"column":4},"end":{"line":86,"column":5}},"loc":{"start":{"line":86,"column":24},"end":{"line":96,"column":9}},"line":86}},"branchMap":{"0":{"loc":{"start":{"line":21,"column":8},"end":{"line":24,"column":9}},"type":"if","locations":[{"start":{"line":21,"column":8},"end":{"line":24,"column":9}},{"start":{},"end":{}}],"line":21},"1":{"loc":{"start":{"line":45,"column":8},"end":{"line":50,"column":9}},"type":"if","locations":[{"start":{"line":45,"column":8},"end":{"line":50,"column":9}},{"start":{"line":47,"column":15},"end":{"line":50,"column":9}}],"line":45},"2":{"loc":{"start":{"line":63,"column":11},"end":{"line":81,"column":11}},"type":"if","locations":[{"start":{"line":63,"column":11},"end":{"line":81,"column":11}},{"start":{"line":78,"column":17},"end":{"line":81,"column":11}}],"line":63},"3":{"loc":{"start":{"line":68,"column":12},"end":{"line":71,"column":13}},"type":"if","locations":[{"start":{"line":68,"column":12},"end":{"line":71,"column":13}},{"start":{},"end":{}}],"line":68},"4":{"loc":{"start":{"line":89,"column":9},"end":{"line":95,"column":10}},"type":"if","locations":[{"start":{"line":89,"column":9},"end":{"line":95,"column":10}},{"start":{"line":92,"column":16},"end":{"line":95,"column":10}}],"line":89}},"s":{"0":2,"1":2,"2":2,"3":0,"4":0,"5":2,"6":0,"7":0,"8":0,"9":0,"10":0,"11":0,"12":0,"13":0,"14":2,"15":0,"16":0,"17":0,"18":0,"19":0,"20":2,"21":0,"22":0,"23":0,"24":0,"25":0,"26":0,"27":0,"28":0,"29":0,"30":0,"31":0,"32":0,"33":0,"34":2,"35":0,"36":0,"37":0,"38":0,"39":0,"40":0},"f":{"0":0,"1":0,"2":0,"3":0,"4":0,"5":0},"b":{"0":[0,0],"1":[0,0],"2":[0,0],"3":[0,0],"4":[0,0]},"_coverageSchema":"1a1c01bbd47fc00a2c39e90264f33305004495a9","hash":"10ec5d2798a390d8b8f9ff4fd04a2102d737bc4b"}
,"/home/node/app/api/controllers/userController.js": {"path":"/home/node/app/api/controllers/userController.js","statementMap":{"0":{"start":{"line":1,"column":19},"end":{"line":1,"column":51}},"1":{"start":{"line":2,"column":20},"end":{"line":2,"column":56}},"2":{"start":{"line":3,"column":11},"end":{"line":3,"column":44}},"3":{"start":{"line":7,"column":0},"end":{"line":23,"column":2}},"4":{"start":{"line":8,"column":30},"end":{"line":8,"column":38}},"5":{"start":{"line":10,"column":15},"end":{"line":10,"column":44}},"6":{"start":{"line":12,"column":2},"end":{"line":22,"column":3}},"7":{"start":{"line":13,"column":4},"end":{"line":19,"column":6}},"8":{"start":{"line":21,"column":4},"end":{"line":21,"column":64}},"9":{"start":{"line":26,"column":0},"end":{"line":58,"column":2}},"10":{"start":{"line":27,"column":36},"end":{"line":27,"column":44}},"11":{"start":{"line":29,"column":2},"end":{"line":32,"column":3}},"12":{"start":{"line":30,"column":4},"end":{"line":30,"column":62}},"13":{"start":{"line":31,"column":4},"end":{"line":31,"column":11}},"14":{"start":{"line":34,"column":21},"end":{"line":34,"column":50}},"15":{"start":{"line":36,"column":2},"end":{"line":39,"column":3}},"16":{"start":{"line":37,"column":4},"end":{"line":37,"column":60}},"17":{"start":{"line":38,"column":4},"end":{"line":38,"column":11}},"18":{"start":{"line":41,"column":15},"end":{"line":45,"column":4}},"19":{"start":{"line":47,"column":2},"end":{"line":57,"column":3}},"20":{"start":{"line":48,"column":4},"end":{"line":54,"column":6}},"21":{"start":{"line":56,"column":4},"end":{"line":56,"column":54}},"22":{"start":{"line":62,"column":0},"end":{"line":76,"column":2}},"23":{"start":{"line":63,"column":15},"end":{"line":63,"column":48}},"24":{"start":{"line":65,"column":2},"end":{"line":75,"column":3}},"25":{"start":{"line":66,"column":4},"end":{"line":71,"column":6}},"26":{"start":{"line":73,"column":4},"end":{"line":73,"column":19}},"27":{"start":{"line":74,"column":4},"end":{"line":74,"column":37}},"28":{"start":{"line":78,"column":0},"end":{"line":101,"column":2}},"29":{"start":{"line":79,"column":15},"end":{"line":79,"column":48}},"30":{"start":{"line":81,"column":2},"end":{"line":100,"column":3}},"31":{"start":{"line":82,"column":4},"end":{"line":82,"column":42}},"32":{"start":{"line":83,"column":4},"end":{"line":83,"column":45}},"33":{"start":{"line":84,"column":4},"end":{"line":86,"column":5}},"34":{"start":{"line":85,"column":6},"end":{"line":85,"column":39}},"35":{"start":{"line":88,"column":24},"end":{"line":88,"column":41}},"36":{"start":{"line":90,"column":4},"end":{"line":96,"column":6}},"37":{"start":{"line":98,"column":4},"end":{"line":98,"column":19}},"38":{"start":{"line":99,"column":4},"end":{"line":99,"column":37}},"39":{"start":{"line":103,"column":0},"end":{"line":106,"column":2}},"40":{"start":{"line":104,"column":16},"end":{"line":104,"column":35}},"41":{"start":{"line":105,"column":2},"end":{"line":105,"column":17}},"42":{"start":{"line":108,"column":0},"end":{"line":118,"column":2}},"43":{"start":{"line":109,"column":15},"end":{"line":109,"column":49}},"44":{"start":{"line":111,"column":2},"end":{"line":117,"column":3}},"45":{"start":{"line":112,"column":4},"end":{"line":112,"column":47}},"46":{"start":{"line":113,"column":4},"end":{"line":113,"column":41}},"47":{"start":{"line":115,"column":4},"end":{"line":115,"column":19}},"48":{"start":{"line":116,"column":4},"end":{"line":116,"column":37}},"49":{"start":{"line":120,"column":0},"end":{"line":129,"column":2}},"50":{"start":{"line":121,"column":15},"end":{"line":121,"column":69}},"51":{"start":{"line":123,"column":2},"end":{"line":128,"column":3}},"52":{"start":{"line":124,"column":4},"end":{"line":124,"column":18}},"53":{"start":{"line":126,"column":4},"end":{"line":126,"column":19}},"54":{"start":{"line":127,"column":4},"end":{"line":127,"column":37}},"55":{"start":{"line":131,"column":0},"end":{"line":150,"column":2}},"56":{"start":{"line":132,"column":15},"end":{"line":132,"column":49}},"57":{"start":{"line":134,"column":2},"end":{"line":149,"column":3}},"58":{"start":{"line":135,"column":4},"end":{"line":135,"column":42}},"59":{"start":{"line":136,"column":4},"end":{"line":136,"column":45}},"60":{"start":{"line":138,"column":24},"end":{"line":138,"column":41}},"61":{"start":{"line":140,"column":4},"end":{"line":145,"column":6}},"62":{"start":{"line":147,"column":4},"end":{"line":147,"column":19}},"63":{"start":{"line":148,"column":4},"end":{"line":148,"column":37}}},"fnMap":{"0":{"name":"(anonymous_0)","decl":{"start":{"line":7,"column":29},"end":{"line":7,"column":30}},"loc":{"start":{"line":7,"column":49},"end":{"line":23,"column":1}},"line":7},"1":{"name":"(anonymous_1)","decl":{"start":{"line":26,"column":36},"end":{"line":26,"column":37}},"loc":{"start":{"line":26,"column":56},"end":{"line":58,"column":1}},"line":26},"2":{"name":"(anonymous_2)","decl":{"start":{"line":62,"column":38},"end":{"line":62,"column":39}},"loc":{"start":{"line":62,"column":58},"end":{"line":76,"column":1}},"line":62},"3":{"name":"(anonymous_3)","decl":{"start":{"line":78,"column":41},"end":{"line":78,"column":42}},"loc":{"start":{"line":78,"column":61},"end":{"line":101,"column":1}},"line":78},"4":{"name":"(anonymous_4)","decl":{"start":{"line":103,"column":32},"end":{"line":103,"column":33}},"loc":{"start":{"line":103,"column":52},"end":{"line":106,"column":1}},"line":103},"5":{"name":"(anonymous_5)","decl":{"start":{"line":108,"column":34},"end":{"line":108,"column":35}},"loc":{"start":{"line":108,"column":54},"end":{"line":118,"column":1}},"line":108},"6":{"name":"(anonymous_6)","decl":{"start":{"line":120,"column":35},"end":{"line":120,"column":36}},"loc":{"start":{"line":120,"column":55},"end":{"line":129,"column":1}},"line":120},"7":{"name":"(anonymous_7)","decl":{"start":{"line":131,"column":34},"end":{"line":131,"column":35}},"loc":{"start":{"line":131,"column":54},"end":{"line":150,"column":1}},"line":131}},"branchMap":{"0":{"loc":{"start":{"line":12,"column":2},"end":{"line":22,"column":3}},"type":"if","locations":[{"start":{"line":12,"column":2},"end":{"line":22,"column":3}},{"start":{"line":20,"column":9},"end":{"line":22,"column":3}}],"line":12},"1":{"loc":{"start":{"line":12,"column":6},"end":{"line":12,"column":50}},"type":"binary-expr","locations":[{"start":{"line":12,"column":6},"end":{"line":12,"column":10}},{"start":{"line":12,"column":15},"end":{"line":12,"column":49}}],"line":12},"2":{"loc":{"start":{"line":29,"column":2},"end":{"line":32,"column":3}},"type":"if","locations":[{"start":{"line":29,"column":2},"end":{"line":32,"column":3}},{"start":{},"end":{}}],"line":29},"3":{"loc":{"start":{"line":29,"column":6},"end":{"line":29,"column":34}},"type":"binary-expr","locations":[{"start":{"line":29,"column":6},"end":{"line":29,"column":11}},{"start":{"line":29,"column":15},"end":{"line":29,"column":21}},{"start":{"line":29,"column":25},"end":{"line":29,"column":34}}],"line":29},"4":{"loc":{"start":{"line":36,"column":2},"end":{"line":39,"column":3}},"type":"if","locations":[{"start":{"line":36,"column":2},"end":{"line":39,"column":3}},{"start":{},"end":{}}],"line":36},"5":{"loc":{"start":{"line":47,"column":2},"end":{"line":57,"column":3}},"type":"if","locations":[{"start":{"line":47,"column":2},"end":{"line":57,"column":3}},{"start":{"line":55,"column":9},"end":{"line":57,"column":3}}],"line":47},"6":{"loc":{"start":{"line":65,"column":2},"end":{"line":75,"column":3}},"type":"if","locations":[{"start":{"line":65,"column":2},"end":{"line":75,"column":3}},{"start":{"line":72,"column":9},"end":{"line":75,"column":3}}],"line":65},"7":{"loc":{"start":{"line":81,"column":2},"end":{"line":100,"column":3}},"type":"if","locations":[{"start":{"line":81,"column":2},"end":{"line":100,"column":3}},{"start":{"line":97,"column":9},"end":{"line":100,"column":3}}],"line":81},"8":{"loc":{"start":{"line":82,"column":16},"end":{"line":82,"column":42}},"type":"binary-expr","locations":[{"start":{"line":82,"column":16},"end":{"line":82,"column":29}},{"start":{"line":82,"column":33},"end":{"line":82,"column":42}}],"line":82},"9":{"loc":{"start":{"line":83,"column":17},"end":{"line":83,"column":45}},"type":"binary-expr","locations":[{"start":{"line":83,"column":17},"end":{"line":83,"column":31}},{"start":{"line":83,"column":35},"end":{"line":83,"column":45}}],"line":83},"10":{"loc":{"start":{"line":84,"column":4},"end":{"line":86,"column":5}},"type":"if","locations":[{"start":{"line":84,"column":4},"end":{"line":86,"column":5}},{"start":{},"end":{}}],"line":84},"11":{"loc":{"start":{"line":111,"column":2},"end":{"line":117,"column":3}},"type":"if","locations":[{"start":{"line":111,"column":2},"end":{"line":117,"column":3}},{"start":{"line":114,"column":9},"end":{"line":117,"column":3}}],"line":111},"12":{"loc":{"start":{"line":123,"column":2},"end":{"line":128,"column":3}},"type":"if","locations":[{"start":{"line":123,"column":2},"end":{"line":128,"column":3}},{"start":{"line":125,"column":9},"end":{"line":128,"column":3}}],"line":123},"13":{"loc":{"start":{"line":134,"column":2},"end":{"line":149,"column":3}},"type":"if","locations":[{"start":{"line":134,"column":2},"end":{"line":149,"column":3}},{"start":{"line":146,"column":9},"end":{"line":149,"column":3}}],"line":134},"14":{"loc":{"start":{"line":135,"column":16},"end":{"line":135,"column":42}},"type":"binary-expr","locations":[{"start":{"line":135,"column":16},"end":{"line":135,"column":29}},{"start":{"line":135,"column":33},"end":{"line":135,"column":42}}],"line":135},"15":{"loc":{"start":{"line":136,"column":17},"end":{"line":136,"column":45}},"type":"binary-expr","locations":[{"start":{"line":136,"column":17},"end":{"line":136,"column":31}},{"start":{"line":136,"column":35},"end":{"line":136,"column":45}}],"line":136}},"s":{"0":2,"1":2,"2":2,"3":2,"4":3,"5":3,"6":3,"7":2,"8":1,"9":2,"10":7,"11":7,"12":1,"13":1,"14":6,"15":6,"16":2,"17":2,"18":4,"19":4,"20":4,"21":0,"22":2,"23":0,"24":0,"25":0,"26":0,"27":0,"28":2,"29":0,"30":0,"31":0,"32":0,"33":0,"34":0,"35":0,"36":0,"37":0,"38":0,"39":2,"40":0,"41":0,"42":2,"43":0,"44":0,"45":0,"46":0,"47":0,"48":0,"49":2,"50":0,"51":0,"52":0,"53":0,"54":0,"55":2,"56":0,"57":0,"58":0,"59":0,"60":0,"61":0,"62":0,"63":0},"f":{"0":3,"1":7,"2":0,"3":0,"4":0,"5":0,"6":0,"7":0},"b":{"0":[2,1],"1":[3,2],"2":[1,6],"3":[7,7,6],"4":[2,4],"5":[4,0],"6":[0,0],"7":[0,0],"8":[0,0],"9":[0,0],"10":[0,0],"11":[0,0],"12":[0,0],"13":[0,0],"14":[0,0],"15":[0,0]},"_coverageSchema":"1a1c01bbd47fc00a2c39e90264f33305004495a9","hash":"f3c7cc256b2071b20408848f4ba790ed356c6f06"}
,"/home/node/app/api/middleware/authMiddleware.js": {"path":"/home/node/app/api/middleware/authMiddleware.js","statementMap":{"0":{"start":{"line":1,"column":10},"end":{"line":1,"column":33}},"1":{"start":{"line":2,"column":19},"end":{"line":2,"column":51}},"2":{"start":{"line":3,"column":11},"end":{"line":3,"column":41}},"3":{"start":{"line":6,"column":0},"end":{"line":32,"column":2}},"4":{"start":{"line":9,"column":2},"end":{"line":26,"column":3}},"5":{"start":{"line":13,"column":4},"end":{"line":25,"column":5}},"6":{"start":{"line":14,"column":6},"end":{"line":14,"column":53}},"7":{"start":{"line":16,"column":22},"end":{"line":16,"column":60}},"8":{"start":{"line":18,"column":6},"end":{"line":18,"column":68}},"9":{"start":{"line":20,"column":6},"end":{"line":20,"column":12}},"10":{"start":{"line":22,"column":6},"end":{"line":22,"column":26}},"11":{"start":{"line":23,"column":6},"end":{"line":23,"column":21}},"12":{"start":{"line":24,"column":6},"end":{"line":24,"column":53}},"13":{"start":{"line":28,"column":2},"end":{"line":31,"column":3}},"14":{"start":{"line":29,"column":4},"end":{"line":29,"column":19}},"15":{"start":{"line":30,"column":4},"end":{"line":30,"column":47}},"16":{"start":{"line":34,"column":0},"end":{"line":41,"column":1}},"17":{"start":{"line":35,"column":2},"end":{"line":40,"column":3}},"18":{"start":{"line":36,"column":4},"end":{"line":36,"column":10}},"19":{"start":{"line":38,"column":4},"end":{"line":38,"column":19}},"20":{"start":{"line":39,"column":4},"end":{"line":39,"column":49}}},"fnMap":{"0":{"name":"(anonymous_0)","decl":{"start":{"line":6,"column":31},"end":{"line":6,"column":32}},"loc":{"start":{"line":6,"column":57},"end":{"line":32,"column":1}},"line":6},"1":{"name":"(anonymous_1)","decl":{"start":{"line":34,"column":16},"end":{"line":34,"column":17}},"loc":{"start":{"line":34,"column":36},"end":{"line":41,"column":1}},"line":34}},"branchMap":{"0":{"loc":{"start":{"line":9,"column":2},"end":{"line":26,"column":3}},"type":"if","locations":[{"start":{"line":9,"column":2},"end":{"line":26,"column":3}},{"start":{},"end":{}}],"line":9},"1":{"loc":{"start":{"line":10,"column":4},"end":{"line":11,"column":50}},"type":"binary-expr","locations":[{"start":{"line":10,"column":4},"end":{"line":10,"column":29}},{"start":{"line":11,"column":4},"end":{"line":11,"column":50}}],"line":10},"2":{"loc":{"start":{"line":28,"column":2},"end":{"line":31,"column":3}},"type":"if","locations":[{"start":{"line":28,"column":2},"end":{"line":31,"column":3}},{"start":{},"end":{}}],"line":28},"3":{"loc":{"start":{"line":35,"column":2},"end":{"line":40,"column":3}},"type":"if","locations":[{"start":{"line":35,"column":2},"end":{"line":40,"column":3}},{"start":{"line":37,"column":9},"end":{"line":40,"column":3}}],"line":35},"4":{"loc":{"start":{"line":35,"column":6},"end":{"line":35,"column":34}},"type":"binary-expr","locations":[{"start":{"line":35,"column":6},"end":{"line":35,"column":14}},{"start":{"line":35,"column":18},"end":{"line":35,"column":34}}],"line":35}},"s":{"0":2,"1":2,"2":2,"3":2,"4":0,"5":0,"6":0,"7":0,"8":0,"9":0,"10":0,"11":0,"12":0,"13":0,"14":0,"15":0,"16":2,"17":0,"18":0,"19":0,"20":0},"f":{"0":0,"1":0},"b":{"0":[0,0],"1":[0,0],"2":[0,0],"3":[0,0],"4":[0,0]},"_coverageSchema":"1a1c01bbd47fc00a2c39e90264f33305004495a9","hash":"2e0daa17fd2eb712e11e152d5a7d3d02b749b52f"}
,"/home/node/app/api/models/musicModel.js": {"path":"/home/node/app/api/models/musicModel.js","statementMap":{"0":{"start":{"line":1,"column":17},"end":{"line":1,"column":36}},"1":{"start":{"line":2,"column":15},"end":{"line":2,"column":30}},"2":{"start":{"line":4,"column":19},"end":{"line":18,"column":3}},"3":{"start":{"line":21,"column":18},"end":{"line":48,"column":6}},"4":{"start":{"line":50,"column":0},"end":{"line":50,"column":54}}},"fnMap":{},"branchMap":{},"s":{"0":2,"1":2,"2":2,"3":2,"4":2},"f":{},"b":{},"_coverageSchema":"1a1c01bbd47fc00a2c39e90264f33305004495a9","hash":"f48f9be322ab386cdb71d2e25b8c6449ce7d423e"}
,"/home/node/app/api/models/sessionModel.js": {"path":"/home/node/app/api/models/sessionModel.js","statementMap":{"0":{"start":{"line":1,"column":17},"end":{"line":1,"column":36}},"1":{"start":{"line":2,"column":15},"end":{"line":2,"column":30}},"2":{"start":{"line":4,"column":20},"end":{"line":23,"column":6}},"3":{"start":{"line":25,"column":0},"end":{"line":25,"column":58}}},"fnMap":{},"branchMap":{},"s":{"0":2,"1":2,"2":2,"3":2},"f":{},"b":{},"_coverageSchema":"1a1c01bbd47fc00a2c39e90264f33305004495a9","hash":"84bef9cd47b5fd8b1142c14eaa5c3cf3de28d850"}
,"/home/node/app/api/models/userModel.js": {"path":"/home/node/app/api/models/userModel.js","statementMap":{"0":{"start":{"line":1,"column":17},"end":{"line":1,"column":36}},"1":{"start":{"line":2,"column":13},"end":{"line":2,"column":32}},"2":{"start":{"line":4,"column":19},"end":{"line":28,"column":1}},"3":{"start":{"line":30,"column":0},"end":{"line":32,"column":1}},"4":{"start":{"line":31,"column":2},"end":{"line":31,"column":61}},"5":{"start":{"line":34,"column":0},"end":{"line":41,"column":2}},"6":{"start":{"line":35,"column":2},"end":{"line":37,"column":3}},"7":{"start":{"line":36,"column":4},"end":{"line":36,"column":10}},"8":{"start":{"line":39,"column":15},"end":{"line":39,"column":39}},"9":{"start":{"line":40,"column":2},"end":{"line":40,"column":56}},"10":{"start":{"line":43,"column":13},"end":{"line":43,"column":47}},"11":{"start":{"line":45,"column":0},"end":{"line":45,"column":19}}},"fnMap":{"0":{"name":"(anonymous_0)","decl":{"start":{"line":30,"column":35},"end":{"line":30,"column":36}},"loc":{"start":{"line":30,"column":68},"end":{"line":32,"column":1}},"line":30},"1":{"name":"(anonymous_1)","decl":{"start":{"line":34,"column":23},"end":{"line":34,"column":24}},"loc":{"start":{"line":34,"column":45},"end":{"line":41,"column":1}},"line":34}},"branchMap":{"0":{"loc":{"start":{"line":35,"column":2},"end":{"line":37,"column":3}},"type":"if","locations":[{"start":{"line":35,"column":2},"end":{"line":37,"column":3}},{"start":{},"end":{}}],"line":35}},"s":{"0":2,"1":2,"2":2,"3":2,"4":2,"5":2,"6":4,"7":0,"8":4,"9":4,"10":2,"11":2},"f":{"0":2,"1":4},"b":{"0":[0,4]},"_coverageSchema":"1a1c01bbd47fc00a2c39e90264f33305004495a9","hash":"068861ef51e3d0daf8eaaf9b41b3303df02ce7ad"}
,"/home/node/app/api/routes/musicRoute.js": {"path":"/home/node/app/api/routes/musicRoute.js","statementMap":{"0":{"start":{"line":1,"column":0},"end":{"line":21,"column":1}},"1":{"start":{"line":2,"column":28},"end":{"line":2,"column":69}},"2":{"start":{"line":3,"column":25},"end":{"line":3,"column":64}},"3":{"start":{"line":5,"column":4},"end":{"line":7,"column":64}},"4":{"start":{"line":9,"column":4},"end":{"line":9,"column":62}},"5":{"start":{"line":11,"column":4},"end":{"line":11,"column":69}},"6":{"start":{"line":13,"column":4},"end":{"line":17,"column":40}},"7":{"start":{"line":19,"column":4},"end":{"line":19,"column":99}}},"fnMap":{"0":{"name":"(anonymous_0)","decl":{"start":{"line":1,"column":17},"end":{"line":1,"column":18}},"loc":{"start":{"line":1,"column":29},"end":{"line":21,"column":1}},"line":1}},"branchMap":{},"s":{"0":2,"1":2,"2":2,"3":2,"4":2,"5":2,"6":2,"7":2},"f":{"0":2},"b":{},"_coverageSchema":"1a1c01bbd47fc00a2c39e90264f33305004495a9","hash":"635460ea675781e391374119f31b4564b866984a"}
,"/home/node/app/api/routes/sessionRoute.js": {"path":"/home/node/app/api/routes/sessionRoute.js","statementMap":{"0":{"start":{"line":1,"column":0},"end":{"line":15,"column":1}},"1":{"start":{"line":2,"column":30},"end":{"line":2,"column":73}},"2":{"start":{"line":3,"column":25},"end":{"line":3,"column":64}},"3":{"start":{"line":5,"column":4},"end":{"line":8,"column":65}},"4":{"start":{"line":10,"column":4},"end":{"line":14,"column":65}}},"fnMap":{"0":{"name":"(anonymous_0)","decl":{"start":{"line":1,"column":17},"end":{"line":1,"column":18}},"loc":{"start":{"line":1,"column":29},"end":{"line":15,"column":1}},"line":1}},"branchMap":{},"s":{"0":2,"1":2,"2":2,"3":2,"4":2},"f":{"0":2},"b":{},"_coverageSchema":"1a1c01bbd47fc00a2c39e90264f33305004495a9","hash":"5b87644cfcba5bb202664284aa336c55ef854061"}
,"/home/node/app/api/routes/userRoute.js": {"path":"/home/node/app/api/routes/userRoute.js","statementMap":{"0":{"start":{"line":1,"column":0},"end":{"line":19,"column":1}},"1":{"start":{"line":2,"column":27},"end":{"line":2,"column":67}},"2":{"start":{"line":3,"column":25},"end":{"line":3,"column":64}},"3":{"start":{"line":5,"column":4},"end":{"line":5,"column":113}},"4":{"start":{"line":7,"column":4},"end":{"line":7,"column":59}},"5":{"start":{"line":9,"column":4},"end":{"line":12,"column":42}},"6":{"start":{"line":15,"column":4},"end":{"line":18,"column":80}}},"fnMap":{"0":{"name":"(anonymous_0)","decl":{"start":{"line":1,"column":17},"end":{"line":1,"column":18}},"loc":{"start":{"line":1,"column":29},"end":{"line":19,"column":1}},"line":1}},"branchMap":{},"s":{"0":2,"1":2,"2":2,"3":2,"4":2,"5":2,"6":2},"f":{"0":2},"b":{},"_coverageSchema":"1a1c01bbd47fc00a2c39e90264f33305004495a9","hash":"e2cf9f3f34f3fa6702a23d7bf6e8492856ec28fb"}
,"/home/node/app/api/utils/generateToken.js": {"path":"/home/node/app/api/utils/generateToken.js","statementMap":{"0":{"start":{"line":1,"column":10},"end":{"line":1,"column":33}},"1":{"start":{"line":3,"column":22},"end":{"line":7,"column":1}},"2":{"start":{"line":4,"column":2},"end":{"line":6,"column":4}},"3":{"start":{"line":9,"column":0},"end":{"line":9,"column":28}}},"fnMap":{"0":{"name":"(anonymous_0)","decl":{"start":{"line":3,"column":22},"end":{"line":3,"column":23}},"loc":{"start":{"line":3,"column":30},"end":{"line":7,"column":1}},"line":3}},"branchMap":{},"s":{"0":2,"1":2,"2":6,"3":2},"f":{"0":6},"b":{},"_coverageSchema":"1a1c01bbd47fc00a2c39e90264f33305004495a9","hash":"4f48a0079197e83f91f8e129d5ded4e18dc847c8"}
,"/home/node/app/test/utils/setupTestDb.js": {"path":"/home/node/app/test/utils/setupTestDb.js","statementMap":{"0":{"start":{"line":1,"column":17},"end":{"line":1,"column":36}},"1":{"start":{"line":3,"column":20},"end":{"line":24,"column":1}},"2":{"start":{"line":4,"column":2},"end":{"line":13,"column":5}},"3":{"start":{"line":6,"column":4},"end":{"line":6,"column":32}},"4":{"start":{"line":9,"column":4},"end":{"line":12,"column":7}},"5":{"start":{"line":15,"column":2},"end":{"line":18,"column":5}},"6":{"start":{"line":17,"column":4},"end":{"line":17,"column":48}},"7":{"start":{"line":20,"column":2},"end":{"line":23,"column":5}},"8":{"start":{"line":22,"column":4},"end":{"line":22,"column":32}},"9":{"start":{"line":26,"column":0},"end":{"line":26,"column":29}}},"fnMap":{"0":{"name":"(anonymous_0)","decl":{"start":{"line":3,"column":20},"end":{"line":3,"column":21}},"loc":{"start":{"line":3,"column":26},"end":{"line":24,"column":1}},"line":3},"1":{"name":"(anonymous_1)","decl":{"start":{"line":4,"column":12},"end":{"line":4,"column":13}},"loc":{"start":{"line":4,"column":24},"end":{"line":13,"column":3}},"line":4},"2":{"name":"(anonymous_2)","decl":{"start":{"line":15,"column":13},"end":{"line":15,"column":14}},"loc":{"start":{"line":15,"column":25},"end":{"line":18,"column":3}},"line":15},"3":{"name":"(anonymous_3)","decl":{"start":{"line":20,"column":11},"end":{"line":20,"column":12}},"loc":{"start":{"line":20,"column":23},"end":{"line":23,"column":3}},"line":20}},"branchMap":{},"s":{"0":2,"1":2,"2":2,"3":2,"4":2,"5":2,"6":8,"7":2,"8":2,"9":2},"f":{"0":2,"1":2,"2":8,"3":2},"b":{},"_coverageSchema":"1a1c01bbd47fc00a2c39e90264f33305004495a9","hash":"d9a85e3ea0d1d3331904121d2a508a9f875ca18a"}
,"/home/node/app/test/utils/user.util.js": {"path":"/home/node/app/test/utils/user.util.js","statementMap":{"0":{"start":{"line":1,"column":17},"end":{"line":1,"column":36}},"1":{"start":{"line":2,"column":15},"end":{"line":2,"column":34}},"2":{"start":{"line":3,"column":13},"end":{"line":3,"column":50}},"3":{"start":{"line":5,"column":31},"end":{"line":8,"column":1}},"4":{"start":{"line":6,"column":15},"end":{"line":6,"column":36}},"5":{"start":{"line":7,"column":2},"end":{"line":7,"column":41}},"6":{"start":{"line":10,"column":17},"end":{"line":10,"column":28}},"7":{"start":{"line":12,"column":21},"end":{"line":20,"column":1}},"8":{"start":{"line":13,"column":2},"end":{"line":19,"column":4}},"9":{"start":{"line":22,"column":16},"end":{"line":22,"column":30}},"10":{"start":{"line":23,"column":16},"end":{"line":23,"column":30}},"11":{"start":{"line":24,"column":14},"end":{"line":24,"column":32}},"12":{"start":{"line":26,"column":20},"end":{"line":28,"column":1}},"13":{"start":{"line":27,"column":2},"end":{"line":27,"column":60}},"14":{"start":{"line":27,"column":45},"end":{"line":27,"column":56}},"15":{"start":{"line":30,"column":0},"end":{"line":35,"column":2}}},"fnMap":{"0":{"name":"(anonymous_0)","decl":{"start":{"line":5,"column":31},"end":{"line":5,"column":32}},"loc":{"start":{"line":5,"column":45},"end":{"line":8,"column":1}},"line":5},"1":{"name":"(anonymous_1)","decl":{"start":{"line":12,"column":21},"end":{"line":12,"column":22}},"loc":{"start":{"line":12,"column":42},"end":{"line":20,"column":1}},"line":12},"2":{"name":"(anonymous_2)","decl":{"start":{"line":26,"column":20},"end":{"line":26,"column":21}},"loc":{"start":{"line":26,"column":37},"end":{"line":28,"column":1}},"line":26},"3":{"name":"(anonymous_3)","decl":{"start":{"line":27,"column":34},"end":{"line":27,"column":35}},"loc":{"start":{"line":27,"column":45},"end":{"line":27,"column":56}},"line":27}},"branchMap":{"0":{"loc":{"start":{"line":12,"column":22},"end":{"line":12,"column":37}},"type":"default-arg","locations":[{"start":{"line":12,"column":32},"end":{"line":12,"column":37}}],"line":12},"1":{"loc":{"start":{"line":16,"column":11},"end":{"line":16,"column":61}},"type":"cond-expr","locations":[{"start":{"line":16,"column":21},"end":{"line":16,"column":40}},{"start":{"line":16,"column":43},"end":{"line":16,"column":61}}],"line":16}},"s":{"0":2,"1":2,"2":2,"3":2,"4":6,"5":6,"6":2,"7":2,"8":6,"9":2,"10":2,"11":2,"12":2,"13":8,"14":24,"15":2},"f":{"0":6,"1":6,"2":8,"3":24},"b":{"0":[4],"1":[2,4]},"_coverageSchema":"1a1c01bbd47fc00a2c39e90264f33305004495a9","hash":"29477022c2ae400bcae2d343ef85bd35580e7f86"}
}
