{"/home/node/app/app.js": {"path":"/home/node/app/app.js","statementMap":{"0":{"start":{"line":1,"column":16},"end":{"line":1,"column":34}},"1":{"start":{"line":2,"column":13},"end":{"line":2,"column":30}},"2":{"start":{"line":3,"column":13},"end":{"line":3,"column":30}},"3":{"start":{"line":4,"column":13},"end":{"line":4,"column":30}},"4":{"start":{"line":5,"column":11},"end":{"line":5,"column":26}},"5":{"start":{"line":6,"column":18},"end":{"line":6,"column":47}},"6":{"start":{"line":7,"column":21},"end":{"line":7,"column":45}},"7":{"start":{"line":8,"column":11},"end":{"line":8,"column":31}},"8":{"start":{"line":12,"column":0},"end":{"line":12,"column":16}},"9":{"start":{"line":14,"column":12},"end":{"line":14,"column":21}},"10":{"start":{"line":15,"column":13},"end":{"line":15,"column":37}},"11":{"start":{"line":18,"column":17},"end":{"line":18,"column":36}},"12":{"start":{"line":19,"column":0},"end":{"line":22,"column":3}},"13":{"start":{"line":25,"column":0},"end":{"line":27,"column":1}},"14":{"start":{"line":26,"column":2},"end":{"line":26,"column":25}},"15":{"start":{"line":29,"column":0},"end":{"line":37,"column":3}},"16":{"start":{"line":30,"column":2},"end":{"line":36,"column":3}},"17":{"start":{"line":31,"column":24},"end":{"line":31,"column":34}},"18":{"start":{"line":32,"column":4},"end":{"line":32,"column":76}},"19":{"start":{"line":33,"column":4},"end":{"line":33,"column":64}},"20":{"start":{"line":35,"column":4},"end":{"line":35,"column":65}},"21":{"start":{"line":39,"column":0},"end":{"line":39,"column":15}},"22":{"start":{"line":40,"column":0},"end":{"line":40,"column":24}},"23":{"start":{"line":41,"column":0},"end":{"line":41,"column":45}},"24":{"start":{"line":44,"column":18},"end":{"line":44,"column":51}},"25":{"start":{"line":45,"column":21},"end":{"line":45,"column":57}},"26":{"start":{"line":46,"column":19},"end":{"line":46,"column":53}},"27":{"start":{"line":47,"column":21},"end":{"line":47,"column":57}},"28":{"start":{"line":49,"column":0},"end":{"line":49,"column":15}},"29":{"start":{"line":50,"column":0},"end":{"line":50,"column":18}},"30":{"start":{"line":51,"column":0},"end":{"line":51,"column":16}},"31":{"start":{"line":54,"column":23},"end":{"line":82,"column":1}},"32":{"start":{"line":84,"column":20},"end":{"line":84,"column":48}},"33":{"start":{"line":85,"column":0},"end":{"line":85,"column":68}},"34":{"start":{"line":88,"column":0},"end":{"line":92,"column":1}},"35":{"start":{"line":89,"column":2},"end":{"line":91,"column":5}},"36":{"start":{"line":90,"column":4},"end":{"line":90,"column":65}},"37":{"start":{"line":94,"column":0},"end":{"line":94,"column":21}}},"fnMap":{"0":{"name":"(anonymous_0)","decl":{"start":{"line":29,"column":27},"end":{"line":29,"column":28}},"loc":{"start":{"line":29,"column":39},"end":{"line":37,"column":1}},"line":29},"1":{"name":"(anonymous_1)","decl":{"start":{"line":89,"column":19},"end":{"line":89,"column":20}},"loc":{"start":{"line":89,"column":25},"end":{"line":91,"column":3}},"line":89}},"branchMap":{"0":{"loc":{"start":{"line":15,"column":13},"end":{"line":15,"column":37}},"type":"binary-expr","locations":[{"start":{"line":15,"column":13},"end":{"line":15,"column":29}},{"start":{"line":15,"column":33},"end":{"line":15,"column":37}}],"line":15},"1":{"loc":{"start":{"line":25,"column":0},"end":{"line":27,"column":1}},"type":"if","locations":[{"start":{"line":25,"column":0},"end":{"line":27,"column":1}},{"start":{},"end":{}}],"line":25},"2":{"loc":{"start":{"line":88,"column":0},"end":{"line":92,"column":1}},"type":"if","locations":[{"start":{"line":88,"column":0},"end":{"line":92,"column":1}},{"start":{},"end":{}}],"line":88}},"s":{"0":2,"1":2,"2":2,"3":2,"4":2,"5":2,"6":2,"7":2,"8":2,"9":2,"10":2,"11":2,"12":2,"13":2,"14":2,"15":2,"16":0,"17":0,"18":0,"19":0,"20":0,"21":2,"22":2,"23":2,"24":2,"25":2,"26":2,"27":2,"28":2,"29":2,"30":2,"31":2,"32":2,"33":2,"34":2,"35":0,"36":0,"37":2},"f":{"0":0,"1":0},"b":{"0":[2,0],"1":[2,0],"2":[0,2]},"_coverageSchema":"1a1c01bbd47fc00a2c39e90264f33305004495a9","hash":"26ad427d69f7648ea30012363ce0c8453b3cf770"}
,"/home/node/app/api/controllers/musicController.js": {"path":"/home/node/app/api/controllers/musicController.js","statementMap":{"0":{"start":{"line":1,"column":21},"end":{"line":1,"column":53}},"1":{"start":{"line":2,"column":13},"end":{"line":2,"column":29}},"2":{"start":{"line":3,"column":14},"end":{"line":3,"column":45}},"3":{"start":{"line":5,"column":0},"end":{"line":29,"column":10}},"4":{"start":{"line":8,"column":23},"end":{"line":8,"column":25}},"5":{"start":{"line":9,"column":19},"end":{"line":9,"column":52}},"6":{"start":{"line":11,"column":20},"end":{"line":11,"column":22}},"7":{"start":{"line":12,"column":6},"end":{"line":14,"column":7}},"8":{"start":{"line":13,"column":8},"end":{"line":13,"column":66}},"9":{"start":{"line":15,"column":6},"end":{"line":17,"column":7}},"10":{"start":{"line":16,"column":8},"end":{"line":16,"column":42}},"11":{"start":{"line":19,"column":22},"end":{"line":19,"column":55}},"12":{"start":{"line":21,"column":8},"end":{"line":21,"column":26}},"13":{"start":{"line":22,"column":23},"end":{"line":25,"column":36}},"14":{"start":{"line":27,"column":8},"end":{"line":27,"column":70}},"15":{"start":{"line":31,"column":0},"end":{"line":48,"column":1}},"16":{"start":{"line":33,"column":34},"end":{"line":33,"column":42}},"17":{"start":{"line":34,"column":25},"end":{"line":38,"column":10}},"18":{"start":{"line":40,"column":29},"end":{"line":40,"column":50}},"19":{"start":{"line":41,"column":8},"end":{"line":43,"column":9}},"20":{"start":{"line":42,"column":10},"end":{"line":42,"column":65}},"21":{"start":{"line":44,"column":8},"end":{"line":44,"column":24}},"22":{"start":{"line":45,"column":8},"end":{"line":45,"column":31}},"23":{"start":{"line":50,"column":0},"end":{"line":60,"column":1}},"24":{"start":{"line":52,"column":22},"end":{"line":52,"column":57}},"25":{"start":{"line":54,"column":8},"end":{"line":58,"column":9}},"26":{"start":{"line":55,"column":12},"end":{"line":55,"column":39}},"27":{"start":{"line":57,"column":12},"end":{"line":57,"column":61}},"28":{"start":{"line":63,"column":0},"end":{"line":83,"column":1}},"29":{"start":{"line":69,"column":15},"end":{"line":69,"column":23}},"30":{"start":{"line":71,"column":25},"end":{"line":71,"column":60}},"31":{"start":{"line":72,"column":11},"end":{"line":74,"column":12}},"32":{"start":{"line":73,"column":12},"end":{"line":73,"column":61}},"33":{"start":{"line":76,"column":11},"end":{"line":76,"column":30}},"34":{"start":{"line":77,"column":11},"end":{"line":77,"column":32}},"35":{"start":{"line":78,"column":11},"end":{"line":78,"column":26}},"36":{"start":{"line":80,"column":32},"end":{"line":80,"column":50}},"37":{"start":{"line":81,"column":11},"end":{"line":81,"column":45}},"38":{"start":{"line":85,"column":0},"end":{"line":96,"column":1}},"39":{"start":{"line":88,"column":23},"end":{"line":88,"column":58}},"40":{"start":{"line":89,"column":9},"end":{"line":94,"column":10}},"41":{"start":{"line":90,"column":11},"end":{"line":90,"column":55}},"42":{"start":{"line":91,"column":11},"end":{"line":91,"column":61}},"43":{"start":{"line":93,"column":11},"end":{"line":93,"column":60}},"44":{"start":{"line":99,"column":0},"end":{"line":135,"column":2}},"45":{"start":{"line":102,"column":36},"end":{"line":102,"column":44}},"46":{"start":{"line":104,"column":16},"end":{"line":104,"column":51}},"47":{"start":{"line":106,"column":2},"end":{"line":134,"column":3}},"48":{"start":{"line":107,"column":25},"end":{"line":109,"column":5}},"49":{"start":{"line":108,"column":13},"end":{"line":108,"column":58}},"50":{"start":{"line":111,"column":4},"end":{"line":113,"column":5}},"51":{"start":{"line":112,"column":6},"end":{"line":112,"column":78}},"52":{"start":{"line":115,"column":19},"end":{"line":120,"column":5}},"53":{"start":{"line":122,"column":4},"end":{"line":122,"column":28}},"54":{"start":{"line":124,"column":4},"end":{"line":124,"column":38}},"55":{"start":{"line":126,"column":4},"end":{"line":128,"column":24}},"56":{"start":{"line":127,"column":40},"end":{"line":127,"column":57}},"57":{"start":{"line":130,"column":4},"end":{"line":130,"column":22}},"58":{"start":{"line":131,"column":4},"end":{"line":131,"column":51}},"59":{"start":{"line":133,"column":4},"end":{"line":133,"column":53}},"60":{"start":{"line":138,"column":0},"end":{"line":141,"column":4}},"61":{"start":{"line":139,"column":19},"end":{"line":139,"column":70}},"62":{"start":{"line":140,"column":4},"end":{"line":140,"column":20}},"63":{"start":{"line":145,"column":30},"end":{"line":172,"column":4}},"64":{"start":{"line":146,"column":22},"end":{"line":146,"column":51}},"65":{"start":{"line":147,"column":26},"end":{"line":147,"column":59}},"66":{"start":{"line":149,"column":16},"end":{"line":149,"column":52}},"67":{"start":{"line":150,"column":19},"end":{"line":159,"column":5}},"68":{"start":{"line":161,"column":16},"end":{"line":164,"column":5}},"69":{"start":{"line":166,"column":4},"end":{"line":171,"column":5}},"70":{"start":{"line":167,"column":23},"end":{"line":167,"column":58}},"71":{"start":{"line":168,"column":6},"end":{"line":168,"column":17}},"72":{"start":{"line":170,"column":6},"end":{"line":170,"column":73}},"73":{"start":{"line":175,"column":2},"end":{"line":197,"column":5}},"74":{"start":{"line":176,"column":16},"end":{"line":176,"column":32}},"75":{"start":{"line":177,"column":14},"end":{"line":177,"column":85}},"76":{"start":{"line":178,"column":16},"end":{"line":178,"column":45}},"77":{"start":{"line":179,"column":19},"end":{"line":183,"column":5}},"78":{"start":{"line":185,"column":21},"end":{"line":185,"column":49}},"79":{"start":{"line":186,"column":4},"end":{"line":188,"column":5}},"80":{"start":{"line":187,"column":6},"end":{"line":187,"column":91}},"81":{"start":{"line":189,"column":18},"end":{"line":195,"column":6}},"82":{"start":{"line":190,"column":6},"end":{"line":194,"column":7}},"83":{"start":{"line":192,"column":34},"end":{"line":192,"column":40}},"84":{"start":{"line":196,"column":4},"end":{"line":196,"column":35}}},"fnMap":{"0":{"name":"(anonymous_0)","decl":{"start":{"line":6,"column":4},"end":{"line":6,"column":5}},"loc":{"start":{"line":6,"column":23},"end":{"line":29,"column":9}},"line":6},"1":{"name":"(anonymous_1)","decl":{"start":{"line":32,"column":4},"end":{"line":32,"column":5}},"loc":{"start":{"line":32,"column":24},"end":{"line":47,"column":5}},"line":32},"2":{"name":"(anonymous_2)","decl":{"start":{"line":51,"column":4},"end":{"line":51,"column":5}},"loc":{"start":{"line":51,"column":24},"end":{"line":59,"column":5}},"line":51},"3":{"name":"(anonymous_3)","decl":{"start":{"line":64,"column":4},"end":{"line":64,"column":5}},"loc":{"start":{"line":64,"column":24},"end":{"line":82,"column":9}},"line":64},"4":{"name":"(anonymous_4)","decl":{"start":{"line":86,"column":4},"end":{"line":86,"column":5}},"loc":{"start":{"line":86,"column":24},"end":{"line":95,"column":9}},"line":86},"5":{"name":"(anonymous_5)","decl":{"start":{"line":100,"column":4},"end":{"line":100,"column":5}},"loc":{"start":{"line":100,"column":24},"end":{"line":135,"column":1}},"line":100},"6":{"name":"(anonymous_6)","decl":{"start":{"line":108,"column":6},"end":{"line":108,"column":7}},"loc":{"start":{"line":108,"column":13},"end":{"line":108,"column":58}},"line":108},"7":{"name":"(anonymous_7)","decl":{"start":{"line":127,"column":25},"end":{"line":127,"column":26}},"loc":{"start":{"line":127,"column":40},"end":{"line":127,"column":57}},"line":127},"8":{"name":"(anonymous_8)","decl":{"start":{"line":138,"column":33},"end":{"line":138,"column":34}},"loc":{"start":{"line":138,"column":53},"end":{"line":141,"column":3}},"line":138},"9":{"name":"(anonymous_9)","decl":{"start":{"line":145,"column":43},"end":{"line":145,"column":44}},"loc":{"start":{"line":145,"column":55},"end":{"line":172,"column":3}},"line":145},"10":{"name":"(anonymous_10)","decl":{"start":{"line":175,"column":45},"end":{"line":175,"column":46}},"loc":{"start":{"line":175,"column":65},"end":{"line":197,"column":3}},"line":175},"11":{"name":"(anonymous_11)","decl":{"start":{"line":189,"column":40},"end":{"line":189,"column":41}},"loc":{"start":{"line":189,"column":45},"end":{"line":195,"column":5}},"line":189},"12":{"name":"(anonymous_12)","decl":{"start":{"line":192,"column":29},"end":{"line":192,"column":30}},"loc":{"start":{"line":192,"column":34},"end":{"line":192,"column":40}},"line":192}},"branchMap":{"0":{"loc":{"start":{"line":9,"column":19},"end":{"line":9,"column":52}},"type":"binary-expr","locations":[{"start":{"line":9,"column":19},"end":{"line":9,"column":47}},{"start":{"line":9,"column":51},"end":{"line":9,"column":52}}],"line":9},"1":{"loc":{"start":{"line":12,"column":6},"end":{"line":14,"column":7}},"type":"if","locations":[{"start":{"line":12,"column":6},"end":{"line":14,"column":7}},{"start":{},"end":{}}],"line":12},"2":{"loc":{"start":{"line":15,"column":6},"end":{"line":17,"column":7}},"type":"if","locations":[{"start":{"line":15,"column":6},"end":{"line":17,"column":7}},{"start":{},"end":{}}],"line":15},"3":{"loc":{"start":{"line":15,"column":10},"end":{"line":15,"column":57}},"type":"binary-expr","locations":[{"start":{"line":15,"column":10},"end":{"line":15,"column":27}},{"start":{"line":15,"column":31},"end":{"line":15,"column":57}}],"line":15},"4":{"loc":{"start":{"line":41,"column":8},"end":{"line":43,"column":9}},"type":"if","locations":[{"start":{"line":41,"column":8},"end":{"line":43,"column":9}},{"start":{},"end":{}}],"line":41},"5":{"loc":{"start":{"line":54,"column":8},"end":{"line":58,"column":9}},"type":"if","locations":[{"start":{"line":54,"column":8},"end":{"line":58,"column":9}},{"start":{"line":56,"column":15},"end":{"line":58,"column":9}}],"line":54},"6":{"loc":{"start":{"line":72,"column":11},"end":{"line":74,"column":12}},"type":"if","locations":[{"start":{"line":72,"column":11},"end":{"line":74,"column":12}},{"start":{},"end":{}}],"line":72},"7":{"loc":{"start":{"line":89,"column":9},"end":{"line":94,"column":10}},"type":"if","locations":[{"start":{"line":89,"column":9},"end":{"line":94,"column":10}},{"start":{"line":92,"column":16},"end":{"line":94,"column":10}}],"line":89},"8":{"loc":{"start":{"line":106,"column":2},"end":{"line":134,"column":3}},"type":"if","locations":[{"start":{"line":106,"column":2},"end":{"line":134,"column":3}},{"start":{"line":132,"column":9},"end":{"line":134,"column":3}}],"line":106},"9":{"loc":{"start":{"line":111,"column":4},"end":{"line":113,"column":5}},"type":"if","locations":[{"start":{"line":111,"column":4},"end":{"line":113,"column":5}},{"start":{},"end":{}}],"line":111},"10":{"loc":{"start":{"line":186,"column":4},"end":{"line":188,"column":5}},"type":"if","locations":[{"start":{"line":186,"column":4},"end":{"line":188,"column":5}},{"start":{},"end":{}}],"line":186}},"s":{"0":2,"1":2,"2":2,"3":2,"4":0,"5":0,"6":0,"7":0,"8":0,"9":0,"10":0,"11":0,"12":0,"13":0,"14":0,"15":2,"16":0,"17":0,"18":0,"19":0,"20":0,"21":0,"22":0,"23":2,"24":0,"25":0,"26":0,"27":0,"28":2,"29":0,"30":0,"31":0,"32":0,"33":0,"34":0,"35":0,"36":0,"37":0,"38":2,"39":0,"40":0,"41":0,"42":0,"43":0,"44":2,"45":0,"46":0,"47":0,"48":0,"49":0,"50":0,"51":0,"52":0,"53":0,"54":0,"55":0,"56":0,"57":0,"58":0,"59":0,"60":2,"61":0,"62":0,"63":2,"64":0,"65":0,"66":0,"67":0,"68":0,"69":0,"70":0,"71":0,"72":0,"73":2,"74":0,"75":0,"76":0,"77":0,"78":0,"79":0,"80":0,"81":0,"82":0,"83":0,"84":0},"f":{"0":0,"1":0,"2":0,"3":0,"4":0,"5":0,"6":0,"7":0,"8":0,"9":0,"10":0,"11":0,"12":0},"b":{"0":[0,0],"1":[0,0],"2":[0,0],"3":[0,0],"4":[0,0],"5":[0,0],"6":[0,0],"7":[0,0],"8":[0,0],"9":[0,0],"10":[0,0]},"_coverageSchema":"1a1c01bbd47fc00a2c39e90264f33305004495a9","hash":"2435019899e8e4a43e4802d8684791dcfdbdb95c"}
,"/home/node/app/api/controllers/sessionController.js": {"path":"/home/node/app/api/controllers/sessionController.js","statementMap":{"0":{"start":{"line":1,"column":21},"end":{"line":1,"column":53}},"1":{"start":{"line":2,"column":16},"end":{"line":2,"column":49}},"2":{"start":{"line":4,"column":0},"end":{"line":16,"column":10}},"3":{"start":{"line":6,"column":25},"end":{"line":13,"column":13}},"4":{"start":{"line":14,"column":8},"end":{"line":14,"column":39}},"5":{"start":{"line":18,"column":0},"end":{"line":36,"column":1}},"6":{"start":{"line":20,"column":42},"end":{"line":20,"column":50}},"7":{"start":{"line":22,"column":22},"end":{"line":22,"column":68}},"8":{"start":{"line":23,"column":8},"end":{"line":26,"column":9}},"9":{"start":{"line":24,"column":10},"end":{"line":24,"column":65}},"10":{"start":{"line":27,"column":27},"end":{"line":30,"column":10}},"11":{"start":{"line":32,"column":31},"end":{"line":32,"column":54}},"12":{"start":{"line":33,"column":8},"end":{"line":33,"column":44}},"13":{"start":{"line":38,"column":0},"end":{"line":53,"column":1}},"14":{"start":{"line":40,"column":24},"end":{"line":45,"column":13}},"15":{"start":{"line":47,"column":8},"end":{"line":51,"column":9}},"16":{"start":{"line":48,"column":12},"end":{"line":48,"column":41}},"17":{"start":{"line":50,"column":12},"end":{"line":50,"column":65}},"18":{"start":{"line":56,"column":0},"end":{"line":83,"column":1}},"19":{"start":{"line":60,"column":15},"end":{"line":60,"column":23}},"20":{"start":{"line":62,"column":11},"end":{"line":62,"column":32}},"21":{"start":{"line":63,"column":27},"end":{"line":63,"column":64}},"22":{"start":{"line":65,"column":11},"end":{"line":81,"column":11}},"23":{"start":{"line":66,"column":33},"end":{"line":68,"column":13}},"24":{"start":{"line":67,"column":21},"end":{"line":67,"column":55}},"25":{"start":{"line":70,"column":12},"end":{"line":72,"column":13}},"26":{"start":{"line":71,"column":14},"end":{"line":71,"column":67}},"27":{"start":{"line":74,"column":12},"end":{"line":74,"column":40}},"28":{"start":{"line":77,"column":12},"end":{"line":77,"column":32}},"29":{"start":{"line":78,"column":12},"end":{"line":78,"column":66}},"30":{"start":{"line":80,"column":12},"end":{"line":80,"column":63}},"31":{"start":{"line":85,"column":0},"end":{"line":96,"column":1}},"32":{"start":{"line":88,"column":25},"end":{"line":88,"column":62}},"33":{"start":{"line":89,"column":9},"end":{"line":94,"column":10}},"34":{"start":{"line":90,"column":11},"end":{"line":90,"column":57}},"35":{"start":{"line":91,"column":11},"end":{"line":91,"column":51}},"36":{"start":{"line":93,"column":11},"end":{"line":93,"column":65}}},"fnMap":{"0":{"name":"(anonymous_0)","decl":{"start":{"line":5,"column":4},"end":{"line":5,"column":5}},"loc":{"start":{"line":5,"column":23},"end":{"line":16,"column":9}},"line":5},"1":{"name":"(anonymous_1)","decl":{"start":{"line":19,"column":4},"end":{"line":19,"column":5}},"loc":{"start":{"line":19,"column":24},"end":{"line":35,"column":5}},"line":19},"2":{"name":"(anonymous_2)","decl":{"start":{"line":39,"column":4},"end":{"line":39,"column":5}},"loc":{"start":{"line":39,"column":24},"end":{"line":52,"column":5}},"line":39},"3":{"name":"(anonymous_3)","decl":{"start":{"line":57,"column":4},"end":{"line":57,"column":5}},"loc":{"start":{"line":57,"column":24},"end":{"line":82,"column":9}},"line":57},"4":{"name":"(anonymous_4)","decl":{"start":{"line":67,"column":14},"end":{"line":67,"column":15}},"loc":{"start":{"line":67,"column":21},"end":{"line":67,"column":55}},"line":67},"5":{"name":"(anonymous_5)","decl":{"start":{"line":86,"column":4},"end":{"line":86,"column":5}},"loc":{"start":{"line":86,"column":24},"end":{"line":95,"column":9}},"line":86}},"branchMap":{"0":{"loc":{"start":{"line":23,"column":8},"end":{"line":26,"column":9}},"type":"if","locations":[{"start":{"line":23,"column":8},"end":{"line":26,"column":9}},{"start":{},"end":{}}],"line":23},"1":{"loc":{"start":{"line":47,"column":8},"end":{"line":51,"column":9}},"type":"if","locations":[{"start":{"line":47,"column":8},"end":{"line":51,"column":9}},{"start":{"line":49,"column":15},"end":{"line":51,"column":9}}],"line":47},"2":{"loc":{"start":{"line":65,"column":11},"end":{"line":81,"column":11}},"type":"if","locations":[{"start":{"line":65,"column":11},"end":{"line":81,"column":11}},{"start":{"line":79,"column":17},"end":{"line":81,"column":11}}],"line":65},"3":{"loc":{"start":{"line":70,"column":12},"end":{"line":72,"column":13}},"type":"if","locations":[{"start":{"line":70,"column":12},"end":{"line":72,"column":13}},{"start":{},"end":{}}],"line":70},"4":{"loc":{"start":{"line":89,"column":9},"end":{"line":94,"column":10}},"type":"if","locations":[{"start":{"line":89,"column":9},"end":{"line":94,"column":10}},{"start":{"line":92,"column":16},"end":{"line":94,"column":10}}],"line":89}},"s":{"0":2,"1":2,"2":2,"3":0,"4":0,"5":2,"6":0,"7":0,"8":0,"9":0,"10":0,"11":0,"12":0,"13":2,"14":0,"15":0,"16":0,"17":0,"18":2,"19":0,"20":0,"21":0,"22":0,"23":0,"24":0,"25":0,"26":0,"27":0,"28":0,"29":0,"30":0,"31":2,"32":0,"33":0,"34":0,"35":0,"36":0},"f":{"0":0,"1":0,"2":0,"3":0,"4":0,"5":0},"b":{"0":[0,0],"1":[0,0],"2":[0,0],"3":[0,0],"4":[0,0]},"_coverageSchema":"1a1c01bbd47fc00a2c39e90264f33305004495a9","hash":"d767980aec37ad94a4130a8f6cc30e33edf095ae"}
,"/home/node/app/api/controllers/userController.js": {"path":"/home/node/app/api/controllers/userController.js","statementMap":{"0":{"start":{"line":1,"column":19},"end":{"line":1,"column":51}},"1":{"start":{"line":2,"column":20},"end":{"line":2,"column":56}},"2":{"start":{"line":3,"column":11},"end":{"line":3,"column":44}},"3":{"start":{"line":7,"column":0},"end":{"line":23,"column":2}},"4":{"start":{"line":8,"column":30},"end":{"line":8,"column":38}},"5":{"start":{"line":10,"column":15},"end":{"line":10,"column":44}},"6":{"start":{"line":12,"column":2},"end":{"line":22,"column":3}},"7":{"start":{"line":13,"column":4},"end":{"line":19,"column":6}},"8":{"start":{"line":21,"column":4},"end":{"line":21,"column":64}},"9":{"start":{"line":26,"column":0},"end":{"line":58,"column":2}},"10":{"start":{"line":27,"column":36},"end":{"line":27,"column":44}},"11":{"start":{"line":29,"column":2},"end":{"line":32,"column":3}},"12":{"start":{"line":30,"column":4},"end":{"line":30,"column":62}},"13":{"start":{"line":31,"column":4},"end":{"line":31,"column":11}},"14":{"start":{"line":34,"column":21},"end":{"line":34,"column":50}},"15":{"start":{"line":36,"column":2},"end":{"line":39,"column":3}},"16":{"start":{"line":37,"column":4},"end":{"line":37,"column":60}},"17":{"start":{"line":38,"column":4},"end":{"line":38,"column":11}},"18":{"start":{"line":41,"column":15},"end":{"line":45,"column":4}},"19":{"start":{"line":47,"column":2},"end":{"line":57,"column":3}},"20":{"start":{"line":48,"column":4},"end":{"line":54,"column":6}},"21":{"start":{"line":56,"column":4},"end":{"line":56,"column":54}},"22":{"start":{"line":62,"column":0},"end":{"line":75,"column":2}},"23":{"start":{"line":63,"column":15},"end":{"line":63,"column":48}},"24":{"start":{"line":65,"column":2},"end":{"line":74,"column":3}},"25":{"start":{"line":66,"column":4},"end":{"line":71,"column":6}},"26":{"start":{"line":73,"column":4},"end":{"line":73,"column":53}},"27":{"start":{"line":77,"column":0},"end":{"line":99,"column":2}},"28":{"start":{"line":78,"column":15},"end":{"line":78,"column":48}},"29":{"start":{"line":80,"column":2},"end":{"line":98,"column":3}},"30":{"start":{"line":81,"column":4},"end":{"line":81,"column":42}},"31":{"start":{"line":82,"column":4},"end":{"line":82,"column":45}},"32":{"start":{"line":83,"column":4},"end":{"line":85,"column":5}},"33":{"start":{"line":84,"column":6},"end":{"line":84,"column":39}},"34":{"start":{"line":87,"column":24},"end":{"line":87,"column":41}},"35":{"start":{"line":89,"column":4},"end":{"line":95,"column":6}},"36":{"start":{"line":97,"column":4},"end":{"line":97,"column":53}},"37":{"start":{"line":101,"column":0},"end":{"line":104,"column":2}},"38":{"start":{"line":102,"column":16},"end":{"line":102,"column":35}},"39":{"start":{"line":103,"column":2},"end":{"line":103,"column":17}},"40":{"start":{"line":106,"column":0},"end":{"line":115,"column":2}},"41":{"start":{"line":107,"column":15},"end":{"line":107,"column":49}},"42":{"start":{"line":109,"column":2},"end":{"line":114,"column":3}},"43":{"start":{"line":110,"column":4},"end":{"line":110,"column":47}},"44":{"start":{"line":111,"column":4},"end":{"line":111,"column":41}},"45":{"start":{"line":113,"column":4},"end":{"line":113,"column":53}},"46":{"start":{"line":117,"column":0},"end":{"line":125,"column":2}},"47":{"start":{"line":118,"column":15},"end":{"line":118,"column":69}},"48":{"start":{"line":120,"column":2},"end":{"line":124,"column":3}},"49":{"start":{"line":121,"column":4},"end":{"line":121,"column":18}},"50":{"start":{"line":123,"column":4},"end":{"line":123,"column":53}},"51":{"start":{"line":127,"column":0},"end":{"line":145,"column":2}},"52":{"start":{"line":128,"column":15},"end":{"line":128,"column":49}},"53":{"start":{"line":130,"column":2},"end":{"line":144,"column":3}},"54":{"start":{"line":131,"column":4},"end":{"line":131,"column":42}},"55":{"start":{"line":132,"column":4},"end":{"line":132,"column":45}},"56":{"start":{"line":134,"column":24},"end":{"line":134,"column":41}},"57":{"start":{"line":136,"column":4},"end":{"line":141,"column":6}},"58":{"start":{"line":143,"column":4},"end":{"line":143,"column":53}}},"fnMap":{"0":{"name":"(anonymous_0)","decl":{"start":{"line":7,"column":29},"end":{"line":7,"column":30}},"loc":{"start":{"line":7,"column":49},"end":{"line":23,"column":1}},"line":7},"1":{"name":"(anonymous_1)","decl":{"start":{"line":26,"column":36},"end":{"line":26,"column":37}},"loc":{"start":{"line":26,"column":56},"end":{"line":58,"column":1}},"line":26},"2":{"name":"(anonymous_2)","decl":{"start":{"line":62,"column":38},"end":{"line":62,"column":39}},"loc":{"start":{"line":62,"column":58},"end":{"line":75,"column":1}},"line":62},"3":{"name":"(anonymous_3)","decl":{"start":{"line":77,"column":41},"end":{"line":77,"column":42}},"loc":{"start":{"line":77,"column":61},"end":{"line":99,"column":1}},"line":77},"4":{"name":"(anonymous_4)","decl":{"start":{"line":101,"column":32},"end":{"line":101,"column":33}},"loc":{"start":{"line":101,"column":52},"end":{"line":104,"column":1}},"line":101},"5":{"name":"(anonymous_5)","decl":{"start":{"line":106,"column":34},"end":{"line":106,"column":35}},"loc":{"start":{"line":106,"column":54},"end":{"line":115,"column":1}},"line":106},"6":{"name":"(anonymous_6)","decl":{"start":{"line":117,"column":35},"end":{"line":117,"column":36}},"loc":{"start":{"line":117,"column":55},"end":{"line":125,"column":1}},"line":117},"7":{"name":"(anonymous_7)","decl":{"start":{"line":127,"column":34},"end":{"line":127,"column":35}},"loc":{"start":{"line":127,"column":54},"end":{"line":145,"column":1}},"line":127}},"branchMap":{"0":{"loc":{"start":{"line":12,"column":2},"end":{"line":22,"column":3}},"type":"if","locations":[{"start":{"line":12,"column":2},"end":{"line":22,"column":3}},{"start":{"line":20,"column":9},"end":{"line":22,"column":3}}],"line":12},"1":{"loc":{"start":{"line":12,"column":6},"end":{"line":12,"column":50}},"type":"binary-expr","locations":[{"start":{"line":12,"column":6},"end":{"line":12,"column":10}},{"start":{"line":12,"column":15},"end":{"line":12,"column":49}}],"line":12},"2":{"loc":{"start":{"line":29,"column":2},"end":{"line":32,"column":3}},"type":"if","locations":[{"start":{"line":29,"column":2},"end":{"line":32,"column":3}},{"start":{},"end":{}}],"line":29},"3":{"loc":{"start":{"line":29,"column":6},"end":{"line":29,"column":34}},"type":"binary-expr","locations":[{"start":{"line":29,"column":6},"end":{"line":29,"column":11}},{"start":{"line":29,"column":15},"end":{"line":29,"column":21}},{"start":{"line":29,"column":25},"end":{"line":29,"column":34}}],"line":29},"4":{"loc":{"start":{"line":36,"column":2},"end":{"line":39,"column":3}},"type":"if","locations":[{"start":{"line":36,"column":2},"end":{"line":39,"column":3}},{"start":{},"end":{}}],"line":36},"5":{"loc":{"start":{"line":47,"column":2},"end":{"line":57,"column":3}},"type":"if","locations":[{"start":{"line":47,"column":2},"end":{"line":57,"column":3}},{"start":{"line":55,"column":9},"end":{"line":57,"column":3}}],"line":47},"6":{"loc":{"start":{"line":65,"column":2},"end":{"line":74,"column":3}},"type":"if","locations":[{"start":{"line":65,"column":2},"end":{"line":74,"column":3}},{"start":{"line":72,"column":9},"end":{"line":74,"column":3}}],"line":65},"7":{"loc":{"start":{"line":80,"column":2},"end":{"line":98,"column":3}},"type":"if","locations":[{"start":{"line":80,"column":2},"end":{"line":98,"column":3}},{"start":{"line":96,"column":9},"end":{"line":98,"column":3}}],"line":80},"8":{"loc":{"start":{"line":81,"column":16},"end":{"line":81,"column":42}},"type":"binary-expr","locations":[{"start":{"line":81,"column":16},"end":{"line":81,"column":29}},{"start":{"line":81,"column":33},"end":{"line":81,"column":42}}],"line":81},"9":{"loc":{"start":{"line":82,"column":17},"end":{"line":82,"column":45}},"type":"binary-expr","locations":[{"start":{"line":82,"column":17},"end":{"line":82,"column":31}},{"start":{"line":82,"column":35},"end":{"line":82,"column":45}}],"line":82},"10":{"loc":{"start":{"line":83,"column":4},"end":{"line":85,"column":5}},"type":"if","locations":[{"start":{"line":83,"column":4},"end":{"line":85,"column":5}},{"start":{},"end":{}}],"line":83},"11":{"loc":{"start":{"line":109,"column":2},"end":{"line":114,"column":3}},"type":"if","locations":[{"start":{"line":109,"column":2},"end":{"line":114,"column":3}},{"start":{"line":112,"column":9},"end":{"line":114,"column":3}}],"line":109},"12":{"loc":{"start":{"line":120,"column":2},"end":{"line":124,"column":3}},"type":"if","locations":[{"start":{"line":120,"column":2},"end":{"line":124,"column":3}},{"start":{"line":122,"column":9},"end":{"line":124,"column":3}}],"line":120},"13":{"loc":{"start":{"line":130,"column":2},"end":{"line":144,"column":3}},"type":"if","locations":[{"start":{"line":130,"column":2},"end":{"line":144,"column":3}},{"start":{"line":142,"column":9},"end":{"line":144,"column":3}}],"line":130},"14":{"loc":{"start":{"line":131,"column":16},"end":{"line":131,"column":42}},"type":"binary-expr","locations":[{"start":{"line":131,"column":16},"end":{"line":131,"column":29}},{"start":{"line":131,"column":33},"end":{"line":131,"column":42}}],"line":131},"15":{"loc":{"start":{"line":132,"column":17},"end":{"line":132,"column":45}},"type":"binary-expr","locations":[{"start":{"line":132,"column":17},"end":{"line":132,"column":31}},{"start":{"line":132,"column":35},"end":{"line":132,"column":45}}],"line":132}},"s":{"0":2,"1":2,"2":2,"3":2,"4":3,"5":3,"6":3,"7":2,"8":1,"9":2,"10":7,"11":7,"12":1,"13":1,"14":6,"15":6,"16":2,"17":2,"18":4,"19":4,"20":4,"21":0,"22":2,"23":0,"24":0,"25":0,"26":0,"27":2,"28":0,"29":0,"30":0,"31":0,"32":0,"33":0,"34":0,"35":0,"36":0,"37":2,"38":0,"39":0,"40":2,"41":0,"42":0,"43":0,"44":0,"45":0,"46":2,"47":0,"48":0,"49":0,"50":0,"51":2,"52":0,"53":0,"54":0,"55":0,"56":0,"57":0,"58":0},"f":{"0":3,"1":7,"2":0,"3":0,"4":0,"5":0,"6":0,"7":0},"b":{"0":[2,1],"1":[3,2],"2":[1,6],"3":[7,7,6],"4":[2,4],"5":[4,0],"6":[0,0],"7":[0,0],"8":[0,0],"9":[0,0],"10":[0,0],"11":[0,0],"12":[0,0],"13":[0,0],"14":[0,0],"15":[0,0]},"_coverageSchema":"1a1c01bbd47fc00a2c39e90264f33305004495a9","hash":"d0bcea44bc544129eff12186824ac77d935d6e79"}
,"/home/node/app/api/middleware/authMiddleware.js": {"path":"/home/node/app/api/middleware/authMiddleware.js","statementMap":{"0":{"start":{"line":1,"column":10},"end":{"line":1,"column":33}},"1":{"start":{"line":2,"column":19},"end":{"line":2,"column":51}},"2":{"start":{"line":3,"column":11},"end":{"line":3,"column":41}},"3":{"start":{"line":6,"column":0},"end":{"line":32,"column":2}},"4":{"start":{"line":9,"column":2},"end":{"line":26,"column":3}},"5":{"start":{"line":13,"column":4},"end":{"line":25,"column":5}},"6":{"start":{"line":14,"column":6},"end":{"line":14,"column":53}},"7":{"start":{"line":16,"column":22},"end":{"line":16,"column":60}},"8":{"start":{"line":18,"column":6},"end":{"line":18,"column":68}},"9":{"start":{"line":20,"column":6},"end":{"line":20,"column":12}},"10":{"start":{"line":22,"column":6},"end":{"line":22,"column":26}},"11":{"start":{"line":23,"column":6},"end":{"line":23,"column":21}},"12":{"start":{"line":24,"column":6},"end":{"line":24,"column":53}},"13":{"start":{"line":28,"column":2},"end":{"line":31,"column":3}},"14":{"start":{"line":29,"column":4},"end":{"line":29,"column":19}},"15":{"start":{"line":30,"column":4},"end":{"line":30,"column":47}},"16":{"start":{"line":34,"column":0},"end":{"line":41,"column":1}},"17":{"start":{"line":35,"column":2},"end":{"line":40,"column":3}},"18":{"start":{"line":36,"column":4},"end":{"line":36,"column":10}},"19":{"start":{"line":38,"column":4},"end":{"line":38,"column":19}},"20":{"start":{"line":39,"column":4},"end":{"line":39,"column":49}}},"fnMap":{"0":{"name":"(anonymous_0)","decl":{"start":{"line":6,"column":31},"end":{"line":6,"column":32}},"loc":{"start":{"line":6,"column":57},"end":{"line":32,"column":1}},"line":6},"1":{"name":"(anonymous_1)","decl":{"start":{"line":34,"column":16},"end":{"line":34,"column":17}},"loc":{"start":{"line":34,"column":36},"end":{"line":41,"column":1}},"line":34}},"branchMap":{"0":{"loc":{"start":{"line":9,"column":2},"end":{"line":26,"column":3}},"type":"if","locations":[{"start":{"line":9,"column":2},"end":{"line":26,"column":3}},{"start":{},"end":{}}],"line":9},"1":{"loc":{"start":{"line":10,"column":4},"end":{"line":11,"column":50}},"type":"binary-expr","locations":[{"start":{"line":10,"column":4},"end":{"line":10,"column":29}},{"start":{"line":11,"column":4},"end":{"line":11,"column":50}}],"line":10},"2":{"loc":{"start":{"line":28,"column":2},"end":{"line":31,"column":3}},"type":"if","locations":[{"start":{"line":28,"column":2},"end":{"line":31,"column":3}},{"start":{},"end":{}}],"line":28},"3":{"loc":{"start":{"line":35,"column":2},"end":{"line":40,"column":3}},"type":"if","locations":[{"start":{"line":35,"column":2},"end":{"line":40,"column":3}},{"start":{"line":37,"column":9},"end":{"line":40,"column":3}}],"line":35},"4":{"loc":{"start":{"line":35,"column":6},"end":{"line":35,"column":34}},"type":"binary-expr","locations":[{"start":{"line":35,"column":6},"end":{"line":35,"column":14}},{"start":{"line":35,"column":18},"end":{"line":35,"column":34}}],"line":35}},"s":{"0":2,"1":2,"2":2,"3":2,"4":0,"5":0,"6":0,"7":0,"8":0,"9":0,"10":0,"11":0,"12":0,"13":0,"14":0,"15":0,"16":2,"17":0,"18":0,"19":0,"20":0},"f":{"0":0,"1":0},"b":{"0":[0,0],"1":[0,0],"2":[0,0],"3":[0,0],"4":[0,0]},"_coverageSchema":"1a1c01bbd47fc00a2c39e90264f33305004495a9","hash":"2e0daa17fd2eb712e11e152d5a7d3d02b749b52f"}
,"/home/node/app/api/models/musicModel.js": {"path":"/home/node/app/api/models/musicModel.js","statementMap":{"0":{"start":{"line":1,"column":17},"end":{"line":1,"column":36}},"1":{"start":{"line":2,"column":15},"end":{"line":2,"column":30}},"2":{"start":{"line":4,"column":19},"end":{"line":18,"column":3}},"3":{"start":{"line":21,"column":18},"end":{"line":45,"column":6}},"4":{"start":{"line":47,"column":0},"end":{"line":47,"column":54}}},"fnMap":{},"branchMap":{},"s":{"0":2,"1":2,"2":2,"3":2,"4":2},"f":{},"b":{},"_coverageSchema":"1a1c01bbd47fc00a2c39e90264f33305004495a9","hash":"336745a84dadbafe557665b0fec58a6d6a9e0b97"}
,"/home/node/app/api/models/sessionModel.js": {"path":"/home/node/app/api/models/sessionModel.js","statementMap":{"0":{"start":{"line":1,"column":17},"end":{"line":1,"column":36}},"1":{"start":{"line":2,"column":15},"end":{"line":2,"column":30}},"2":{"start":{"line":4,"column":20},"end":{"line":23,"column":6}},"3":{"start":{"line":25,"column":0},"end":{"line":25,"column":58}}},"fnMap":{},"branchMap":{},"s":{"0":2,"1":2,"2":2,"3":2},"f":{},"b":{},"_coverageSchema":"1a1c01bbd47fc00a2c39e90264f33305004495a9","hash":"84bef9cd47b5fd8b1142c14eaa5c3cf3de28d850"}
,"/home/node/app/api/models/userModel.js": {"path":"/home/node/app/api/models/userModel.js","statementMap":{"0":{"start":{"line":1,"column":17},"end":{"line":1,"column":36}},"1":{"start":{"line":2,"column":13},"end":{"line":2,"column":32}},"2":{"start":{"line":4,"column":19},"end":{"line":28,"column":1}},"3":{"start":{"line":30,"column":0},"end":{"line":32,"column":1}},"4":{"start":{"line":31,"column":2},"end":{"line":31,"column":61}},"5":{"start":{"line":34,"column":0},"end":{"line":41,"column":2}},"6":{"start":{"line":35,"column":2},"end":{"line":37,"column":3}},"7":{"start":{"line":36,"column":4},"end":{"line":36,"column":10}},"8":{"start":{"line":39,"column":15},"end":{"line":39,"column":39}},"9":{"start":{"line":40,"column":2},"end":{"line":40,"column":56}},"10":{"start":{"line":43,"column":13},"end":{"line":43,"column":47}},"11":{"start":{"line":45,"column":0},"end":{"line":45,"column":19}}},"fnMap":{"0":{"name":"(anonymous_0)","decl":{"start":{"line":30,"column":35},"end":{"line":30,"column":36}},"loc":{"start":{"line":30,"column":68},"end":{"line":32,"column":1}},"line":30},"1":{"name":"(anonymous_1)","decl":{"start":{"line":34,"column":23},"end":{"line":34,"column":24}},"loc":{"start":{"line":34,"column":45},"end":{"line":41,"column":1}},"line":34}},"branchMap":{"0":{"loc":{"start":{"line":35,"column":2},"end":{"line":37,"column":3}},"type":"if","locations":[{"start":{"line":35,"column":2},"end":{"line":37,"column":3}},{"start":{},"end":{}}],"line":35}},"s":{"0":2,"1":2,"2":2,"3":2,"4":2,"5":2,"6":4,"7":0,"8":4,"9":4,"10":2,"11":2},"f":{"0":2,"1":4},"b":{"0":[0,4]},"_coverageSchema":"1a1c01bbd47fc00a2c39e90264f33305004495a9","hash":"068861ef51e3d0daf8eaaf9b41b3303df02ce7ad"}
,"/home/node/app/api/routes/musicRoute.js": {"path":"/home/node/app/api/routes/musicRoute.js","statementMap":{"0":{"start":{"line":1,"column":0},"end":{"line":21,"column":1}},"1":{"start":{"line":2,"column":28},"end":{"line":2,"column":69}},"2":{"start":{"line":3,"column":25},"end":{"line":3,"column":64}},"3":{"start":{"line":5,"column":4},"end":{"line":7,"column":64}},"4":{"start":{"line":9,"column":4},"end":{"line":9,"column":62}},"5":{"start":{"line":11,"column":4},"end":{"line":11,"column":69}},"6":{"start":{"line":13,"column":4},"end":{"line":17,"column":40}},"7":{"start":{"line":19,"column":4},"end":{"line":19,"column":99}}},"fnMap":{"0":{"name":"(anonymous_0)","decl":{"start":{"line":1,"column":17},"end":{"line":1,"column":18}},"loc":{"start":{"line":1,"column":29},"end":{"line":21,"column":1}},"line":1}},"branchMap":{},"s":{"0":2,"1":2,"2":2,"3":2,"4":2,"5":2,"6":2,"7":2},"f":{"0":2},"b":{},"_coverageSchema":"1a1c01bbd47fc00a2c39e90264f33305004495a9","hash":"635460ea675781e391374119f31b4564b866984a"}
,"/home/node/app/api/routes/sessionRoute.js": {"path":"/home/node/app/api/routes/sessionRoute.js","statementMap":{"0":{"start":{"line":1,"column":0},"end":{"line":15,"column":1}},"1":{"start":{"line":2,"column":30},"end":{"line":2,"column":73}},"2":{"start":{"line":3,"column":25},"end":{"line":3,"column":64}},"3":{"start":{"line":5,"column":4},"end":{"line":8,"column":65}},"4":{"start":{"line":10,"column":4},"end":{"line":14,"column":65}}},"fnMap":{"0":{"name":"(anonymous_0)","decl":{"start":{"line":1,"column":17},"end":{"line":1,"column":18}},"loc":{"start":{"line":1,"column":29},"end":{"line":15,"column":1}},"line":1}},"branchMap":{},"s":{"0":2,"1":2,"2":2,"3":2,"4":2},"f":{"0":2},"b":{},"_coverageSchema":"1a1c01bbd47fc00a2c39e90264f33305004495a9","hash":"5b87644cfcba5bb202664284aa336c55ef854061"}
,"/home/node/app/api/routes/userRoute.js": {"path":"/home/node/app/api/routes/userRoute.js","statementMap":{"0":{"start":{"line":1,"column":0},"end":{"line":19,"column":1}},"1":{"start":{"line":2,"column":27},"end":{"line":2,"column":67}},"2":{"start":{"line":3,"column":25},"end":{"line":3,"column":64}},"3":{"start":{"line":5,"column":4},"end":{"line":5,"column":113}},"4":{"start":{"line":7,"column":4},"end":{"line":7,"column":59}},"5":{"start":{"line":9,"column":4},"end":{"line":12,"column":42}},"6":{"start":{"line":15,"column":4},"end":{"line":18,"column":80}}},"fnMap":{"0":{"name":"(anonymous_0)","decl":{"start":{"line":1,"column":17},"end":{"line":1,"column":18}},"loc":{"start":{"line":1,"column":29},"end":{"line":19,"column":1}},"line":1}},"branchMap":{},"s":{"0":2,"1":2,"2":2,"3":2,"4":2,"5":2,"6":2},"f":{"0":2},"b":{},"_coverageSchema":"1a1c01bbd47fc00a2c39e90264f33305004495a9","hash":"e2cf9f3f34f3fa6702a23d7bf6e8492856ec28fb"}
,"/home/node/app/api/utils/generateToken.js": {"path":"/home/node/app/api/utils/generateToken.js","statementMap":{"0":{"start":{"line":1,"column":10},"end":{"line":1,"column":33}},"1":{"start":{"line":3,"column":22},"end":{"line":7,"column":1}},"2":{"start":{"line":4,"column":2},"end":{"line":6,"column":4}},"3":{"start":{"line":9,"column":0},"end":{"line":9,"column":28}}},"fnMap":{"0":{"name":"(anonymous_0)","decl":{"start":{"line":3,"column":22},"end":{"line":3,"column":23}},"loc":{"start":{"line":3,"column":30},"end":{"line":7,"column":1}},"line":3}},"branchMap":{},"s":{"0":2,"1":2,"2":6,"3":2},"f":{"0":6},"b":{},"_coverageSchema":"1a1c01bbd47fc00a2c39e90264f33305004495a9","hash":"4f48a0079197e83f91f8e129d5ded4e18dc847c8"}
,"/home/node/app/test/utils/setupTestDb.js": {"path":"/home/node/app/test/utils/setupTestDb.js","statementMap":{"0":{"start":{"line":1,"column":17},"end":{"line":1,"column":36}},"1":{"start":{"line":3,"column":20},"end":{"line":24,"column":1}},"2":{"start":{"line":4,"column":2},"end":{"line":13,"column":5}},"3":{"start":{"line":6,"column":4},"end":{"line":6,"column":32}},"4":{"start":{"line":9,"column":4},"end":{"line":12,"column":7}},"5":{"start":{"line":15,"column":2},"end":{"line":18,"column":5}},"6":{"start":{"line":17,"column":4},"end":{"line":17,"column":48}},"7":{"start":{"line":20,"column":2},"end":{"line":23,"column":5}},"8":{"start":{"line":22,"column":4},"end":{"line":22,"column":32}},"9":{"start":{"line":26,"column":0},"end":{"line":26,"column":29}}},"fnMap":{"0":{"name":"(anonymous_0)","decl":{"start":{"line":3,"column":20},"end":{"line":3,"column":21}},"loc":{"start":{"line":3,"column":26},"end":{"line":24,"column":1}},"line":3},"1":{"name":"(anonymous_1)","decl":{"start":{"line":4,"column":12},"end":{"line":4,"column":13}},"loc":{"start":{"line":4,"column":24},"end":{"line":13,"column":3}},"line":4},"2":{"name":"(anonymous_2)","decl":{"start":{"line":15,"column":13},"end":{"line":15,"column":14}},"loc":{"start":{"line":15,"column":25},"end":{"line":18,"column":3}},"line":15},"3":{"name":"(anonymous_3)","decl":{"start":{"line":20,"column":11},"end":{"line":20,"column":12}},"loc":{"start":{"line":20,"column":23},"end":{"line":23,"column":3}},"line":20}},"branchMap":{},"s":{"0":2,"1":2,"2":2,"3":2,"4":2,"5":2,"6":8,"7":2,"8":2,"9":2},"f":{"0":2,"1":2,"2":8,"3":2},"b":{},"_coverageSchema":"1a1c01bbd47fc00a2c39e90264f33305004495a9","hash":"d9a85e3ea0d1d3331904121d2a508a9f875ca18a"}
,"/home/node/app/test/utils/user.util.js": {"path":"/home/node/app/test/utils/user.util.js","statementMap":{"0":{"start":{"line":1,"column":17},"end":{"line":1,"column":36}},"1":{"start":{"line":2,"column":15},"end":{"line":2,"column":34}},"2":{"start":{"line":3,"column":13},"end":{"line":3,"column":50}},"3":{"start":{"line":5,"column":31},"end":{"line":8,"column":1}},"4":{"start":{"line":6,"column":15},"end":{"line":6,"column":36}},"5":{"start":{"line":7,"column":2},"end":{"line":7,"column":41}},"6":{"start":{"line":10,"column":17},"end":{"line":10,"column":28}},"7":{"start":{"line":12,"column":21},"end":{"line":20,"column":1}},"8":{"start":{"line":13,"column":2},"end":{"line":19,"column":4}},"9":{"start":{"line":22,"column":16},"end":{"line":22,"column":30}},"10":{"start":{"line":23,"column":16},"end":{"line":23,"column":30}},"11":{"start":{"line":24,"column":14},"end":{"line":24,"column":32}},"12":{"start":{"line":26,"column":20},"end":{"line":28,"column":1}},"13":{"start":{"line":27,"column":2},"end":{"line":27,"column":60}},"14":{"start":{"line":27,"column":45},"end":{"line":27,"column":56}},"15":{"start":{"line":30,"column":0},"end":{"line":35,"column":2}}},"fnMap":{"0":{"name":"(anonymous_0)","decl":{"start":{"line":5,"column":31},"end":{"line":5,"column":32}},"loc":{"start":{"line":5,"column":45},"end":{"line":8,"column":1}},"line":5},"1":{"name":"(anonymous_1)","decl":{"start":{"line":12,"column":21},"end":{"line":12,"column":22}},"loc":{"start":{"line":12,"column":42},"end":{"line":20,"column":1}},"line":12},"2":{"name":"(anonymous_2)","decl":{"start":{"line":26,"column":20},"end":{"line":26,"column":21}},"loc":{"start":{"line":26,"column":37},"end":{"line":28,"column":1}},"line":26},"3":{"name":"(anonymous_3)","decl":{"start":{"line":27,"column":34},"end":{"line":27,"column":35}},"loc":{"start":{"line":27,"column":45},"end":{"line":27,"column":56}},"line":27}},"branchMap":{"0":{"loc":{"start":{"line":12,"column":22},"end":{"line":12,"column":37}},"type":"default-arg","locations":[{"start":{"line":12,"column":32},"end":{"line":12,"column":37}}],"line":12},"1":{"loc":{"start":{"line":16,"column":11},"end":{"line":16,"column":61}},"type":"cond-expr","locations":[{"start":{"line":16,"column":21},"end":{"line":16,"column":40}},{"start":{"line":16,"column":43},"end":{"line":16,"column":61}}],"line":16}},"s":{"0":2,"1":2,"2":2,"3":2,"4":6,"5":6,"6":2,"7":2,"8":6,"9":2,"10":2,"11":2,"12":2,"13":8,"14":24,"15":2},"f":{"0":6,"1":6,"2":8,"3":24},"b":{"0":[4],"1":[2,4]},"_coverageSchema":"1a1c01bbd47fc00a2c39e90264f33305004495a9","hash":"29477022c2ae400bcae2d343ef85bd35580e7f86"}
}
