TN:
SF:app.js
FN:74,(anonymous_0)
FNF:1
FNH:0
FNDA:0,(anonymous_0)
DA:1,2
DA:2,2
DA:3,2
DA:4,2
DA:5,2
DA:6,2
DA:8,2
DA:10,2
DA:11,2
DA:14,2
DA:15,2
DA:21,2
DA:22,0
DA:25,2
DA:26,2
DA:27,2
DA:30,2
DA:31,2
DA:32,2
DA:34,2
DA:35,2
DA:36,2
DA:39,2
DA:69,2
DA:70,2
DA:73,2
DA:74,0
DA:75,0
DA:79,2
LF:29
LH:26
BRDA:11,0,0,2
BRDA:11,0,1,0
BRDA:21,1,0,0
BRDA:21,1,1,2
BRDA:73,2,0,0
BRDA:73,2,1,2
BRF:6
BRH:3
end_of_record
TN:
SF:api/controllers/musicController.js
FN:6,(anonymous_0)
FN:31,(anonymous_1)
FN:47,(anonymous_2)
FN:61,(anonymous_3)
FN:84,(anonymous_4)
FN:99,(anonymous_5)
FN:107,(anonymous_6)
FN:127,(anonymous_7)
FN:139,(anonymous_8)
FN:146,(anonymous_9)
FN:176,(anonymous_10)
FN:187,(anonymous_11)
FN:190,(anonymous_12)
FNF:13
FNH:0
FNDA:0,(anonymous_0)
FNDA:0,(anonymous_1)
FNDA:0,(anonymous_2)
FNDA:0,(anonymous_3)
FNDA:0,(anonymous_4)
FNDA:0,(anonymous_5)
FNDA:0,(anonymous_6)
FNDA:0,(anonymous_7)
FNDA:0,(anonymous_8)
FNDA:0,(anonymous_9)
FNDA:0,(anonymous_10)
FNDA:0,(anonymous_11)
FNDA:0,(anonymous_12)
DA:1,2
DA:2,2
DA:3,2
DA:5,2
DA:8,0
DA:9,0
DA:11,0
DA:20,0
DA:22,0
DA:26,0
DA:30,2
DA:32,0
DA:33,0
DA:39,0
DA:40,0
DA:41,0
DA:46,2
DA:48,0
DA:50,0
DA:51,0
DA:53,0
DA:54,0
DA:60,2
DA:66,0
DA:68,0
DA:69,0
DA:70,0
DA:71,0
DA:74,0
DA:75,0
DA:76,0
DA:78,0
DA:79,0
DA:83,2
DA:86,0
DA:87,0
DA:88,0
DA:89,0
DA:91,0
DA:92,0
DA:98,2
DA:101,0
DA:103,0
DA:105,0
DA:106,0
DA:107,0
DA:110,0
DA:111,0
DA:112,0
DA:115,0
DA:122,0
DA:124,0
DA:126,0
DA:127,0
DA:130,0
DA:131,0
DA:133,0
DA:134,0
DA:139,2
DA:140,0
DA:141,0
DA:146,2
DA:147,0
DA:148,0
DA:150,0
DA:151,0
DA:162,0
DA:167,0
DA:168,0
DA:169,0
DA:171,0
DA:176,2
DA:177,0
DA:178,0
DA:179,0
DA:180,0
DA:186,0
DA:187,0
DA:188,0
DA:190,0
DA:194,0
LF:81
LH:12
BRDA:9,0,0,0
BRDA:9,0,1,0
BRDA:11,1,0,0
BRDA:11,1,1,0
BRDA:50,2,0,0
BRDA:50,2,1,0
BRDA:69,3,0,0
BRDA:69,3,1,0
BRDA:87,4,0,0
BRDA:87,4,1,0
BRDA:105,5,0,0
BRDA:105,5,1,0
BRDA:110,6,0,0
BRDA:110,6,1,0
BRF:14
BRH:0
end_of_record
TN:
SF:api/controllers/sessionController.js
FN:5,(anonymous_0)
FN:17,(anonymous_1)
FN:37,(anonymous_2)
FN:56,(anonymous_3)
FN:65,(anonymous_4)
FN:86,(anonymous_5)
FNF:6
FNH:0
FNDA:0,(anonymous_0)
FNDA:0,(anonymous_1)
FNDA:0,(anonymous_2)
FNDA:0,(anonymous_3)
FNDA:0,(anonymous_4)
FNDA:0,(anonymous_5)
DA:1,2
DA:2,2
DA:4,2
DA:6,0
DA:12,0
DA:16,2
DA:18,0
DA:20,0
DA:21,0
DA:22,0
DA:23,0
DA:25,0
DA:30,0
DA:31,0
DA:36,2
DA:38,0
DA:45,0
DA:46,0
DA:48,0
DA:49,0
DA:55,2
DA:59,0
DA:61,0
DA:63,0
DA:64,0
DA:65,0
DA:68,0
DA:69,0
DA:70,0
DA:73,0
DA:76,0
DA:77,0
DA:79,0
DA:80,0
DA:85,2
DA:88,0
DA:89,0
DA:90,0
DA:91,0
DA:93,0
DA:94,0
LF:41
LH:7
BRDA:21,0,0,0
BRDA:21,0,1,0
BRDA:45,1,0,0
BRDA:45,1,1,0
BRDA:63,2,0,0
BRDA:63,2,1,0
BRDA:68,3,0,0
BRDA:68,3,1,0
BRDA:89,4,0,0
BRDA:89,4,1,0
BRF:10
BRH:0
end_of_record
TN:
SF:api/controllers/userController.js
FN:7,(anonymous_0)
FN:26,(anonymous_1)
FN:62,(anonymous_2)
FN:78,(anonymous_3)
FN:103,(anonymous_4)
FN:108,(anonymous_5)
FN:120,(anonymous_6)
FN:131,(anonymous_7)
FNF:8
FNH:2
FNDA:3,(anonymous_0)
FNDA:7,(anonymous_1)
FNDA:0,(anonymous_2)
FNDA:0,(anonymous_3)
FNDA:0,(anonymous_4)
FNDA:0,(anonymous_5)
FNDA:0,(anonymous_6)
FNDA:0,(anonymous_7)
DA:1,2
DA:2,2
DA:3,2
DA:7,2
DA:8,3
DA:10,3
DA:12,3
DA:13,2
DA:21,1
DA:26,2
DA:27,7
DA:29,7
DA:30,1
DA:31,1
DA:34,6
DA:36,6
DA:37,2
DA:38,2
DA:41,4
DA:47,4
DA:48,4
DA:56,0
DA:62,2
DA:63,0
DA:65,0
DA:66,0
DA:73,0
DA:74,0
DA:78,2
DA:79,0
DA:81,0
DA:82,0
DA:83,0
DA:84,0
DA:85,0
DA:88,0
DA:90,0
DA:98,0
DA:99,0
DA:103,2
DA:104,0
DA:105,0
DA:108,2
DA:109,0
DA:111,0
DA:112,0
DA:113,0
DA:115,0
DA:116,0
DA:120,2
DA:121,0
DA:123,0
DA:124,0
DA:126,0
DA:127,0
DA:131,2
DA:132,0
DA:134,0
DA:135,0
DA:136,0
DA:138,0
DA:140,0
DA:147,0
DA:148,0
LF:64
LH:27
BRDA:12,0,0,2
BRDA:12,0,1,1
BRDA:12,1,0,3
BRDA:12,1,1,2
BRDA:29,2,0,1
BRDA:29,2,1,6
BRDA:29,3,0,7
BRDA:29,3,1,7
BRDA:29,3,2,6
BRDA:36,4,0,2
BRDA:36,4,1,4
BRDA:47,5,0,4
BRDA:47,5,1,0
BRDA:65,6,0,0
BRDA:65,6,1,0
BRDA:81,7,0,0
BRDA:81,7,1,0
BRDA:82,8,0,0
BRDA:82,8,1,0
BRDA:83,9,0,0
BRDA:83,9,1,0
BRDA:84,10,0,0
BRDA:84,10,1,0
BRDA:111,11,0,0
BRDA:111,11,1,0
BRDA:123,12,0,0
BRDA:123,12,1,0
BRDA:134,13,0,0
BRDA:134,13,1,0
BRDA:135,14,0,0
BRDA:135,14,1,0
BRDA:136,15,0,0
BRDA:136,15,1,0
BRF:33
BRH:12
end_of_record
TN:
SF:api/middleware/authMiddleware.js
FN:6,(anonymous_0)
FN:34,(anonymous_1)
FNF:2
FNH:0
FNDA:0,(anonymous_0)
FNDA:0,(anonymous_1)
DA:1,2
DA:2,2
DA:3,2
DA:6,2
DA:9,0
DA:13,0
DA:14,0
DA:16,0
DA:18,0
DA:20,0
DA:22,0
DA:23,0
DA:24,0
DA:28,0
DA:29,0
DA:30,0
DA:34,2
DA:35,0
DA:36,0
DA:38,0
DA:39,0
LF:21
LH:5
BRDA:9,0,0,0
BRDA:9,0,1,0
BRDA:10,1,0,0
BRDA:10,1,1,0
BRDA:28,2,0,0
BRDA:28,2,1,0
BRDA:35,3,0,0
BRDA:35,3,1,0
BRDA:35,4,0,0
BRDA:35,4,1,0
BRF:10
BRH:0
end_of_record
TN:
SF:api/models/musicModel.js
FNF:0
FNH:0
DA:1,2
DA:2,2
DA:4,2
DA:21,2
DA:50,2
LF:5
LH:5
BRF:0
BRH:0
end_of_record
TN:
SF:api/models/sessionModel.js
FNF:0
FNH:0
DA:1,2
DA:2,2
DA:4,2
DA:25,2
LF:4
LH:4
BRF:0
BRH:0
end_of_record
TN:
SF:api/models/userModel.js
FN:30,(anonymous_0)
FN:34,(anonymous_1)
FNF:2
FNH:2
FNDA:2,(anonymous_0)
FNDA:4,(anonymous_1)
DA:1,2
DA:2,2
DA:4,2
DA:30,2
DA:31,2
DA:34,2
DA:35,4
DA:36,0
DA:39,4
DA:40,4
DA:43,2
DA:45,2
LF:12
LH:11
BRDA:35,0,0,0
BRDA:35,0,1,4
BRF:2
BRH:1
end_of_record
TN:
SF:api/routes/musicRoute.js
FN:1,(anonymous_0)
FNF:1
FNH:1
FNDA:2,(anonymous_0)
DA:1,2
DA:2,2
DA:3,2
DA:5,2
DA:9,2
DA:11,2
DA:13,2
DA:19,2
LF:8
LH:8
BRF:0
BRH:0
end_of_record
TN:
SF:api/routes/sessionRoute.js
FN:1,(anonymous_0)
FNF:1
FNH:1
FNDA:2,(anonymous_0)
DA:1,2
DA:2,2
DA:3,2
DA:5,2
DA:10,2
LF:5
LH:5
BRF:0
BRH:0
end_of_record
TN:
SF:api/routes/userRoute.js
FN:1,(anonymous_0)
FNF:1
FNH:1
FNDA:2,(anonymous_0)
DA:1,2
DA:2,2
DA:3,2
DA:5,2
DA:7,2
DA:9,2
DA:15,2
LF:7
LH:7
BRF:0
BRH:0
end_of_record
TN:
SF:api/utils/generateToken.js
FN:3,(anonymous_0)
FNF:1
FNH:1
FNDA:6,(anonymous_0)
DA:1,2
DA:3,2
DA:4,6
DA:9,2
LF:4
LH:4
BRF:0
BRH:0
end_of_record
TN:
SF:test/utils/setupTestDb.js
FN:3,(anonymous_0)
FN:4,(anonymous_1)
FN:15,(anonymous_2)
FN:20,(anonymous_3)
FNF:4
FNH:4
FNDA:2,(anonymous_0)
FNDA:2,(anonymous_1)
FNDA:8,(anonymous_2)
FNDA:2,(anonymous_3)
DA:1,2
DA:3,2
DA:4,2
DA:6,2
DA:9,2
DA:15,2
DA:17,8
DA:20,2
DA:22,2
DA:26,2
LF:10
LH:10
BRF:0
BRH:0
end_of_record
TN:
SF:test/utils/user.util.js
FN:5,(anonymous_0)
FN:12,(anonymous_1)
FN:26,(anonymous_2)
FN:27,(anonymous_3)
FNF:4
FNH:4
FNDA:6,(anonymous_0)
FNDA:6,(anonymous_1)
FNDA:8,(anonymous_2)
FNDA:24,(anonymous_3)
DA:1,2
DA:2,2
DA:3,2
DA:5,2
DA:6,6
DA:7,6
DA:10,2
DA:12,2
DA:13,6
DA:22,2
DA:23,2
DA:24,2
DA:26,2
DA:27,24
DA:30,2
LF:15
LH:15
BRDA:12,0,0,4
BRDA:16,1,0,2
BRDA:16,1,1,4
BRF:3
BRH:3
end_of_record
